\BOOKMARK [0][-]{chapter*.4}{\376\377\143\322\126\376\175\042\137\025}{}% 1
\BOOKMARK [0][-]{chapter*.5}{\376\377\210\150\150\074\175\042\137\025}{}% 2
\BOOKMARK [0][-]{chapter*.6}{\376\377\116\073\211\201\173\046\123\367\133\371\161\147\210\150}{}% 3
\BOOKMARK [0][-]{chapter.1}{\376\377\173\054\116\000\172\340\000\040\000\040\176\352\213\272}{}% 4
\BOOKMARK [1][-]{section.1.1}{\376\377\0001\000.\0001\000\040\201\352\122\250\213\355\227\363\213\306\122\053}{chapter.1}% 5
\BOOKMARK [2][-]{subsection.1.1.1}{\376\377\0001\000.\0001\000.\0001\000\040\213\355\227\363\213\306\122\053\173\200\123\362}{section.1.1}% 6
\BOOKMARK [2][-]{subsection.1.1.2}{\376\377\0001\000.\0001\000.\0002\000\040\213\355\227\363\213\306\122\053\147\266\147\204}{section.1.1}% 7
\BOOKMARK [1][-]{section.1.2}{\376\377\0001\000.\0002\000\040\213\355\227\363\213\306\122\053\116\055\166\204\136\217\122\027\136\372\152\041}{chapter.1}% 8
\BOOKMARK [1][-]{section.1.3}{\376\377\0001\000.\0003\000\040\213\355\227\363\213\306\122\053\116\055\166\204\211\343\170\001\144\034\175\042}{chapter.1}% 9
\BOOKMARK [1][-]{section.1.4}{\376\377\0001\000.\0004\000\040\213\272\145\207\116\073\211\201\121\205\133\271\060\001\122\033\145\260\160\271\123\312\176\304\176\307\176\323\147\204}{chapter.1}% 10
\BOOKMARK [0][-]{chapter.2}{\376\377\173\054\116\214\172\340\000\040\000\040\201\352\122\250\213\355\227\363\213\306\122\053\123\312\136\217\122\027\136\372\152\041\176\374\217\360}{}% 11
\BOOKMARK [1][-]{section.2.1}{\376\377\0002\000.\0001\000\040\201\352\122\250\213\355\227\363\213\306\122\053\150\106\147\266}{chapter.2}% 12
\BOOKMARK [2][-]{subsection.2.1.1}{\376\377\0002\000.\0001\000.\0001\000\040\162\171\137\201\143\320\123\326}{section.2.1}% 13
\BOOKMARK [2][-]{subsection.2.1.2}{\376\377\0002\000.\0001\000.\0002\000\040\130\360\133\146\152\041\127\213}{section.2.1}% 14
\BOOKMARK [2][-]{subsection.2.1.3}{\376\377\0002\000.\0001\000.\0003\000\040\213\355\212\000\152\041\127\213}{section.2.1}% 15
\BOOKMARK [2][-]{subsection.2.1.4}{\376\377\0002\000.\0001\000.\0004\000\040\211\343\170\001\123\312\144\034\175\042}{section.2.1}% 16
\BOOKMARK [1][-]{section.2.2}{\376\377\0002\000.\0002\000\040\155\361\136\246\133\146\116\140\127\050\213\355\227\363\213\306\122\053\116\055\166\204\136\224\165\050}{chapter.2}% 17
\BOOKMARK [2][-]{subsection.2.2.1}{\376\377\0002\000.\0002\000.\0001\000\040\155\361\136\246\133\146\116\140\116\016\171\136\176\317\177\121\176\334}{section.2.2}% 18
\BOOKMARK [2][-]{subsection.2.2.2}{\376\377\0002\000.\0002\000.\0002\000\040\171\136\176\317\177\121\176\334\213\255\176\303}{section.2.2}% 19
\BOOKMARK [2][-]{subsection.2.2.3}{\376\377\0002\000.\0002\000.\0003\000\040\155\361\136\246\171\136\176\317\177\121\176\334\000-\226\220\232\154\134\024\171\321\131\053\152\041\127\213\155\367\124\010\174\373\176\337}{section.2.2}% 20
\BOOKMARK [1][-]{section.2.3}{\376\377\0002\000.\0003\000\040\127\372\116\216\155\361\136\246\133\146\116\140\166\204\136\217\122\027\136\372\152\041}{chapter.2}% 21
\BOOKMARK [2][-]{subsection.2.3.1}{\376\377\0002\000.\0003\000.\0001\000\040\165\037\142\020\137\017\136\217\122\027\152\041\127\213\124\214\222\164\122\053\137\017\136\217\122\027\152\041\127\213}{section.2.3}% 22
\BOOKMARK [2][-]{subsection.2.3.2}{\376\377\0002\000.\0003\000.\0002\000\040\127\372\116\216\000H\000M\000M\166\204\117\040\176\337\136\217\122\027\222\164\122\053\140\047\213\255\176\303}{section.2.3}% 23
\BOOKMARK [2][-]{subsection.2.3.3}{\376\377\0002\000.\0003\000.\0003\000\040\145\340\213\315\126\376\136\217\122\027\222\164\122\053\140\047\213\255\176\303}{section.2.3}% 24
\BOOKMARK [2][-]{subsection.2.3.4}{\376\377\0002\000.\0003\000.\0004\000\040\127\372\116\216\000C\000T\000C\166\204\136\217\122\027\136\372\152\041}{section.2.3}% 25
\BOOKMARK [2][-]{subsection.2.3.5}{\376\377\0002\000.\0003\000.\0005\000\040\127\372\116\216\136\217\122\027\122\060\136\217\122\027\152\041\127\213\166\204\136\217\122\027\136\372\152\041}{section.2.3}% 26
\BOOKMARK [1][-]{section.2.4}{\376\377\0002\000.\0004\000\040\213\355\212\000\213\306\122\053\116\055\166\204\172\357\122\060\172\357\152\041\127\213}{chapter.2}% 27
\BOOKMARK [1][-]{section.2.5}{\376\377\0002\000.\0005\000\040\147\054\172\340\134\017\176\323}{chapter.2}% 28
\BOOKMARK [0][-]{chapter.3}{\376\377\173\054\116\011\172\340\000\040\000\040\213\355\227\363\213\306\122\053\116\055\166\204\211\343\170\001\144\034\175\042\225\356\230\230\176\374\217\360}{}% 29
\BOOKMARK [1][-]{section.3.1}{\376\377\0003\000.\0001\000\040\176\364\162\171\153\324\211\343\170\001\144\034\175\042\173\227\154\325}{chapter.3}% 30
\BOOKMARK [1][-]{section.3.2}{\376\377\0003\000.\0002\000\040\213\355\227\363\213\306\122\053\116\055\166\204\211\343\170\001\144\034\175\042\225\356\230\230}{chapter.3}% 31
\BOOKMARK [2][-]{subsection.3.2.1}{\376\377\0003\000.\0002\000.\0001\000\040\121\163\225\056\213\315\150\300\155\113}{section.3.2}% 32
\BOOKMARK [2][-]{subsection.3.2.2}{\376\377\0003\000.\0002\000.\0002\000\040\133\144\172\313\213\315\213\306\122\053\060\001\213\355\154\325\177\121\176\334\213\306\122\053\124\214\131\047\213\315\154\107\217\336\176\355\213\355\227\363\213\306\122\053}{section.3.2}% 33
\BOOKMARK [2][-]{subsection.3.2.3}{\376\377\0003\000.\0002\000.\0003\000\040\211\343\170\001\144\034\175\042\225\356\230\230\131\015\147\102\136\246\122\006\147\220}{section.3.2}% 34
\BOOKMARK [1][-]{section.3.3}{\376\377\0003\000.\0003\000\040\211\343\170\001\126\150\142\200\147\057\176\374\217\360}{chapter.3}% 35
\BOOKMARK [2][-]{subsection.3.3.1}{\376\377\0003\000.\0003\000.\0001\000\040\211\343\170\001\126\150\166\204\142\200\147\057\155\101\155\076}{section.3.3}% 36
\BOOKMARK [2][-]{subsection.3.3.2}{\376\377\0003\000.\0003\000.\0002\000\040\116\073\211\201\152\041\127\127\124\214\150\070\137\303\173\227\154\325}{section.3.3}% 37
\BOOKMARK [2][-]{subsection.3.3.3}{\376\377\0003\000.\0003\000.\0003\000\040\211\343\170\001\126\150\166\204\213\304\116\367\143\007\150\007}{section.3.3}% 38
\BOOKMARK [1][-]{section.3.4}{\376\377\0003\000.\0004\000\040\211\343\170\001\126\150\170\024\172\166\116\055\166\204\137\205\211\343\121\263\225\356\230\230}{chapter.3}% 39
\BOOKMARK [2][-]{subsection.3.4.1}{\376\377\0003\000.\0004\000.\0001\000\040\170\024\172\166\163\260\162\266\140\073\176\323}{section.3.4}% 40
\BOOKMARK [2][-]{subsection.3.4.2}{\376\377\0003\000.\0004\000.\0002\000\040\123\321\134\125\147\072\220\107\124\214\116\237\137\205\211\343\121\263\225\356\230\230}{section.3.4}% 41
\BOOKMARK [1][-]{section.3.5}{\376\377\0003\000.\0005\000\040\147\054\172\340\134\017\176\323}{chapter.3}% 42
\BOOKMARK [0][-]{chapter.4}{\376\377\173\054\126\333\172\340\000\040\000\040\227\136\117\040\176\337\213\306\122\053\116\373\122\241\166\204\136\217\122\027\222\164\122\053\140\047\213\255\176\303}{}% 43
\BOOKMARK [1][-]{section.4.1}{\376\377\0004\000.\0001\000\040\121\163\225\056\213\315\150\300\155\113\166\204\136\217\122\027\136\372\152\041}{chapter.4}% 44
\BOOKMARK [2][-]{subsection.4.1.1}{\376\377\0004\000.\0001\000.\0001\000\040\121\163\225\056\213\315\150\300\155\113\116\055\117\040\176\337\136\217\122\027\136\372\152\041\145\271\154\325\166\204\177\072\226\167}{section.4.1}% 45
\BOOKMARK [2][-]{subsection.4.1.2}{\376\377\0004\000.\0001\000.\0002\000\040\121\163\225\056\213\315\150\300\155\113\166\204\136\217\122\027\222\164\122\053\140\047\213\255\176\303}{section.4.1}% 46
\BOOKMARK [2][-]{subsection.4.1.3}{\376\377\0004\000.\0001\000.\0003\000\040\133\236\232\214\176\323\147\234}{section.4.1}% 47
\BOOKMARK [1][-]{section.4.2}{\376\377\0004\000.\0002\000\040\131\032\213\364\213\335\116\272\221\315\123\340\213\355\227\363\213\306\122\053\166\204\136\217\122\027\136\372\152\041}{chapter.4}% 48
\BOOKMARK [2][-]{subsection.4.2.1}{\376\377\0004\000.\0002\000.\0001\000\040\143\222\122\027\116\015\123\330\140\047\213\255\176\303\123\312\121\166\127\050\236\041\134\076\221\122\117\032\225\356\230\230\116\055\136\224\165\050}{section.4.2}% 49
\BOOKMARK [2][-]{subsection.4.2.2}{\376\377\0004\000.\0002\000.\0002\000\040\127\372\116\216\136\217\122\027\222\164\122\053\140\047\213\255\176\303\166\204\143\222\122\027\116\015\123\330\140\047\213\255\176\303}{section.4.2}% 50
\BOOKMARK [2][-]{subsection.4.2.3}{\376\377\0004\000.\0002\000.\0003\000\040\133\236\232\214\176\323\147\234}{section.4.2}% 51
\BOOKMARK [1][-]{section.4.3}{\376\377\0004\000.\0003\000\040\147\054\172\340\134\017\176\323}{chapter.4}% 52
\BOOKMARK [0][-]{chapter.5}{\376\377\173\054\116\224\172\340\000\040\000\040\227\142\124\021\131\047\211\304\152\041\126\376\144\034\175\042\166\204\136\166\210\114\176\364\162\171\153\324\173\227\154\325}{}% 53
\BOOKMARK [1][-]{section.5.1}{\376\377\0005\000.\0001\000\040\176\364\162\171\153\324\173\227\154\325\136\166\210\114\123\026\150\106\147\266}{chapter.5}% 54
\BOOKMARK [1][-]{section.5.2}{\376\377\0005\000.\0002\000\040\136\166\210\114\166\204\116\344\162\114\117\040\220\022\173\227\154\325}{chapter.5}% 55
\BOOKMARK [1][-]{section.5.3}{\376\377\0005\000.\0003\000\040\126\376\144\034\175\042\166\204\122\250\140\001\215\037\217\175\127\107\210\141\173\227\154\325}{chapter.5}% 56
\BOOKMARK [1][-]{section.5.4}{\376\377\0005\000.\0004\000\040\136\166\210\114\166\204\213\315\126\376\131\004\164\006\173\227\154\325}{chapter.5}% 57
\BOOKMARK [2][-]{subsection.5.4.1}{\376\377\0005\000.\0004\000.\0001\000\040\174\276\170\156\166\204\213\315\126\376\165\037\142\020\173\227\154\325}{section.5.4}% 58
\BOOKMARK [2][-]{subsection.5.4.2}{\376\377\0005\000.\0004\000.\0002\000\040\213\315\126\376\122\152\147\235}{section.5.4}% 59
\BOOKMARK [1][-]{section.5.5}{\376\377\0005\000.\0005\000\040\133\236\232\214\176\323\147\234}{chapter.5}% 60
\BOOKMARK [2][-]{subsection.5.5.1}{\376\377\0005\000.\0005\000.\0001\000\040\133\236\232\214\221\115\177\156}{section.5.5}% 61
\BOOKMARK [2][-]{subsection.5.5.2}{\376\377\0005\000.\0005\000.\0002\000\040\140\047\200\375\124\214\220\037\136\246}{section.5.5}% 62
\BOOKMARK [2][-]{subsection.5.5.3}{\376\377\0005\000.\0005\000.\0003\000\040\122\006\147\220}{section.5.5}% 63
\BOOKMARK [1][-]{section.5.6}{\376\377\0005\000.\0006\000\040\147\054\172\340\134\017\176\323}{chapter.5}% 64
\BOOKMARK [0][-]{chapter.6}{\376\377\173\054\121\155\172\340\000\040\000\040\127\372\116\216\150\007\173\176\124\014\153\145\211\343\170\001\166\204\144\034\175\042\172\172\225\364\117\030\123\026}{}% 65
\BOOKMARK [1][-]{section.6.1}{\376\377\0006\000.\0001\000\040\127\372\116\216\000b\000l\000a\000n\000k\166\204\155\367\155\306\123\072\153\265\176\337\116\000\136\372\152\041}{chapter.6}% 66
\BOOKMARK [1][-]{section.6.2}{\376\377\0006\000.\0002\000\040\127\372\116\216\217\336\143\245\145\366\136\217\122\006\174\173\152\041\127\213\166\204\150\007\173\176\124\014\153\145\211\343\170\001}{chapter.6}% 67
\BOOKMARK [2][-]{subsection.6.2.1}{\376\377\0006\000.\0002\000.\0001\000\040\150\007\173\176\124\014\153\145\211\343\170\001}{section.6.2}% 68
\BOOKMARK [2][-]{subsection.6.2.2}{\376\377\0006\000.\0002\000.\0002\000\040\150\007\173\176\124\014\153\145\211\343\170\001\173\227\154\325\133\236\163\260}{section.6.2}% 69
\BOOKMARK [1][-]{section.6.3}{\376\377\0006\000.\0003\000\040\127\372\116\216\145\340\213\315\126\376\222\164\122\053\140\047\213\255\176\303\152\041\127\213\166\204\150\007\173\176\124\014\153\145\211\343\170\001}{chapter.6}% 70
\BOOKMARK [2][-]{subsection.6.3.1}{\376\377\0006\000.\0003\000.\0001\000\040\150\007\173\176\124\014\153\145\211\343\170\001}{section.6.3}% 71
\BOOKMARK [2][-]{subsection.6.3.2}{\376\377\0006\000.\0003\000.\0002\000\040\150\007\173\176\124\014\153\145\211\343\170\001\173\227\154\325\133\236\163\260}{section.6.3}% 72
\BOOKMARK [1][-]{section.6.4}{\376\377\0006\000.\0004\000\040\150\007\173\176\124\014\153\145\211\343\170\001\166\204\217\333\116\000\153\145\122\006\147\220}{chapter.6}% 73
\BOOKMARK [2][-]{subsection.6.4.1}{\376\377\0006\000.\0004\000.\0001\000\040\220\020\136\047\124\014\153\145\211\343\170\001\116\016\150\007\173\176\124\014\153\145\211\343\170\001\166\204\133\371\153\324}{section.6.4}% 74
\BOOKMARK [2][-]{subsection.6.4.2}{\376\377\0006\000.\0004\000.\0002\000\040\150\007\173\176\124\014\153\145\166\204\213\315\126\376\131\004\164\006}{section.6.4}% 75
\BOOKMARK [1][-]{section.6.5}{\376\377\0006\000.\0005\000\040\133\236\232\214\176\323\147\234}{chapter.6}% 76
\BOOKMARK [2][-]{subsection.6.5.1}{\376\377\0006\000.\0005\000.\0001\000\040\000C\000T\000C\133\236\232\214}{section.6.5}% 77
\BOOKMARK [2][-]{subsection.6.5.2}{\376\377\0006\000.\0005\000.\0002\000\040\000L\000F\000-\000M\000M\000I\133\236\232\214}{section.6.5}% 78
\BOOKMARK [2][-]{subsection.6.5.3}{\376\377\0006\000.\0005\000.\0003\000\040\227\363\175\040\176\247\213\315\126\376\215\050\221\317\122\006\147\220}{section.6.5}% 79
\BOOKMARK [1][-]{section.6.6}{\376\377\0006\000.\0006\000\040\147\054\172\340\134\017\176\323}{chapter.6}% 80
\BOOKMARK [0][-]{chapter.7}{\376\377\173\054\116\003\172\340\000\040\000\040\150\007\173\176\124\014\153\145\211\343\170\001\166\204\142\151\134\125\136\224\165\050}{}% 81
\BOOKMARK [1][-]{section.7.1}{\376\377\0007\000.\0001\000\040\227\363\175\040\213\315\126\376\166\204\157\134\127\050\136\224\165\050}{chapter.7}% 82
\BOOKMARK [1][-]{section.7.2}{\376\377\0007\000.\0002\000\040\127\372\116\216\150\007\173\176\124\014\153\145\211\343\170\001\166\204\121\163\225\056\213\315\150\300\155\113}{chapter.7}% 83
\BOOKMARK [2][-]{subsection.7.2.1}{\376\377\0007\000.\0002\000.\0001\000\040\152\041\127\213\213\255\176\303}{section.7.2}% 84
\BOOKMARK [2][-]{subsection.7.2.2}{\376\377\0007\000.\0002\000.\0002\000\040\124\016\131\004\164\006}{section.7.2}% 85
\BOOKMARK [2][-]{subsection.7.2.3}{\376\377\0007\000.\0002\000.\0003\000\040\133\236\232\214\176\323\147\234}{section.7.2}% 86
\BOOKMARK [1][-]{section.7.3}{\376\377\0007\000.\0003\000\040\131\032\213\306\122\053\116\373\122\241\176\337\116\000\177\156\117\341\136\246\150\106\147\266}{chapter.7}% 87
\BOOKMARK [2][-]{subsection.7.3.1}{\376\377\0007\000.\0003\000.\0001\000\040\177\156\117\341\136\246\116\016\144\034\175\042\172\172\225\364}{section.7.3}% 88
\BOOKMARK [2][-]{subsection.7.3.2}{\376\377\0007\000.\0003\000.\0002\000\040\127\372\116\216\150\007\173\176\124\014\153\145\211\343\170\001\166\204\177\156\117\341\136\246\150\106\147\266}{section.7.3}% 89
\BOOKMARK [2][-]{subsection.7.3.3}{\376\377\0007\000.\0003\000.\0003\000\040\127\372\116\216\226\104\134\136\137\122\116\000\123\026\144\034\175\042\172\172\225\364\166\204\177\156\117\341\136\246\145\271\154\325}{section.7.3}% 90
\BOOKMARK [2][-]{subsection.7.3.4}{\376\377\0007\000.\0003\000.\0004\000\040\133\236\232\214\176\323\147\234}{section.7.3}% 91
\BOOKMARK [1][-]{section.7.4}{\376\377\0007\000.\0004\000\040\127\372\116\216\150\007\173\176\124\014\153\145\211\343\170\001\166\204\130\360\133\146\162\171\137\201\122\060\213\315\166\204\172\357\122\060\172\357\213\355\227\363\213\306\122\053}{chapter.7}% 92
\BOOKMARK [2][-]{subsection.7.4.1}{\376\377\0007\000.\0004\000.\0001\000\040\213\255\176\303\124\214\211\343\170\001\150\106\147\266}{section.7.4}% 93
\BOOKMARK [2][-]{subsection.7.4.2}{\376\377\0007\000.\0004\000.\0002\000\040\152\041\127\127\123\026}{section.7.4}% 94
\BOOKMARK [2][-]{subsection.7.4.3}{\376\377\0007\000.\0004\000.\0003\000\040\150\007\173\176\124\014\153\145\211\343\170\001}{section.7.4}% 95
\BOOKMARK [2][-]{subsection.7.4.4}{\376\377\0007\000.\0004\000.\0004\000\040\200\124\124\010\213\255\176\303}{section.7.4}% 96
\BOOKMARK [2][-]{subsection.7.4.5}{\376\377\0007\000.\0004\000.\0005\000\040\133\236\232\214\176\323\147\234}{section.7.4}% 97
\BOOKMARK [1][-]{section.7.5}{\376\377\0007\000.\0005\000\040\147\054\172\340\134\017\176\323}{chapter.7}% 98
\BOOKMARK [0][-]{chapter.8}{\376\377\173\054\121\153\172\340\000\040\000\040\121\150\145\207\140\073\176\323}{}% 99
\BOOKMARK [1][-]{section.8.1}{\376\377\0008\000.\0001\000\040\227\136\117\040\176\337\213\306\122\053\116\373\122\241\166\204\136\217\122\027\222\164\122\053\140\047\213\255\176\303}{chapter.8}% 100
\BOOKMARK [1][-]{section.8.2}{\376\377\0008\000.\0002\000\040\227\142\124\021\131\047\211\304\152\041\126\376\144\034\175\042\166\204\136\166\210\114\176\364\162\171\153\324\173\227\154\325}{chapter.8}% 101
\BOOKMARK [1][-]{section.8.3}{\376\377\0008\000.\0003\000\040\127\372\116\216\150\007\173\176\124\014\153\145\211\343\170\001\166\204\144\034\175\042\172\172\225\364\117\030\123\026}{chapter.8}% 102
\BOOKMARK [1][-]{section.8.4}{\376\377\0008\000.\0004\000\040\150\007\173\176\124\014\153\145\211\343\170\001\166\204\142\151\134\125\136\224\165\050}{chapter.8}% 103
\BOOKMARK [1][-]{section.8.5}{\376\377\0008\000.\0005\000\040\124\016\176\355\135\345\117\134\134\125\147\033}{chapter.8}% 104
\BOOKMARK [0][-]{appendix*.7}{\376\377\123\302\200\003\145\207\163\056}{}% 105
\BOOKMARK [0][-]{appendix*.8}{\376\377\145\073\213\373\133\146\117\115\147\037\225\364\123\321\210\150\166\204\133\146\147\057\213\272\145\207}{}% 106
\BOOKMARK [0][-]{appendix*.9}{\376\377\145\073\213\373\133\146\117\115\147\037\225\364\165\063\213\367\166\204\116\023\122\051}{}% 107
