This is XeTeX, Version 3.14159265-2.6-0.99999 (MiKTeX 2.9.6930 64-bit) (preloaded format=xelatex 2019.2.15)  18 FEB 2019 21:55
entering extended mode
**./thesis.tex
(thesis.tex
LaTeX2e <2018-12-01>
(sjtuthesis.cls
Document Class: sjtuthesis 2015/3/15 v0.8 Shanghai Jiao Tong University Templat
e
("C:\Users\lenovo\AppData\Local\Programs\MiKTeX 2.9\tex/latex/ctex\ctexbook.cls
"
("C:\Users\lenovo\AppData\Local\Programs\MiKTeX 2.9\tex/latex/l3kernel\expl3.st
y"
Package: expl3 2019-01-28 L3 programming layer (loader) 

("C:\Users\lenovo\AppData\Local\Programs\MiKTeX 2.9\tex/latex/l3kernel\expl3-co
de.tex"
Package: expl3 2019-01-28 L3 programming layer (code)
\c_max_int=\count80
\l_tmpa_int=\count81
\l_tmpb_int=\count82
\g_tmpa_int=\count83
\g_tmpb_int=\count84
\g__kernel_prg_map_int=\count85
\c_log_iow=\count86
\l_iow_line_count_int=\count87
\l__iow_line_target_int=\count88
\l__iow_one_indent_int=\count89
\l__iow_indent_int=\count90
\c_zero_dim=\dimen102
\c_max_dim=\dimen103
\l_tmpa_dim=\dimen104
\l_tmpb_dim=\dimen105
\g_tmpa_dim=\dimen106
\g_tmpb_dim=\dimen107
\c_zero_skip=\skip41
\c_max_skip=\skip42
\l_tmpa_skip=\skip43
\l_tmpb_skip=\skip44
\g_tmpa_skip=\skip45
\g_tmpb_skip=\skip46
\c_zero_muskip=\muskip10
\c_max_muskip=\muskip11
\l_tmpa_muskip=\muskip12
\l_tmpb_muskip=\muskip13
\g_tmpa_muskip=\muskip14
\g_tmpb_muskip=\muskip15
\l_keys_choice_int=\count91
\l__intarray_loop_int=\count92
\c__intarray_sp_dim=\dimen108
\g__intarray_font_int=\count93
\c__fp_leading_shift_int=\count94
\c__fp_middle_shift_int=\count95
\c__fp_trailing_shift_int=\count96
\c__fp_big_leading_shift_int=\count97
\c__fp_big_middle_shift_int=\count98
\c__fp_big_trailing_shift_int=\count99
\c__fp_Bigg_leading_shift_int=\count100
\c__fp_Bigg_middle_shift_int=\count101
\c__fp_Bigg_trailing_shift_int=\count102
\g__fp_array_int=\count103
\l__fp_array_loop_int=\count104
\l__sort_length_int=\count105
\l__sort_min_int=\count106
\l__sort_top_int=\count107
\l__sort_max_int=\count108
\l__sort_true_max_int=\count109
\l__sort_block_int=\count110
\l__sort_begin_int=\count111
\l__sort_end_int=\count112
\l__sort_A_int=\count113
\l__sort_B_int=\count114
\l__sort_C_int=\count115
\l__tl_analysis_normal_int=\count116
\l__tl_analysis_index_int=\count117
\l__tl_analysis_nesting_int=\count118
\l__tl_analysis_type_int=\count119
\l__regex_internal_a_int=\count120
\l__regex_internal_b_int=\count121
\l__regex_internal_c_int=\count122
\l__regex_balance_int=\count123
\l__regex_group_level_int=\count124
\l__regex_mode_int=\count125
\c__regex_cs_in_class_mode_int=\count126
\c__regex_cs_mode_int=\count127
\l__regex_catcodes_int=\count128
\l__regex_default_catcodes_int=\count129
\c__regex_catcode_L_int=\count130
\c__regex_catcode_O_int=\count131
\c__regex_catcode_A_int=\count132
\c__regex_all_catcodes_int=\count133
\l__regex_show_lines_int=\count134
\l__regex_min_state_int=\count135
\l__regex_max_state_int=\count136
\l__regex_left_state_int=\count137
\l__regex_right_state_int=\count138
\l__regex_capturing_group_int=\count139
\l__regex_min_pos_int=\count140
\l__regex_max_pos_int=\count141
\l__regex_curr_pos_int=\count142
\l__regex_start_pos_int=\count143
\l__regex_success_pos_int=\count144
\l__regex_curr_char_int=\count145
\l__regex_curr_catcode_int=\count146
\l__regex_last_char_int=\count147
\l__regex_case_changed_char_int=\count148
\l__regex_curr_state_int=\count149
\l__regex_step_int=\count150
\l__regex_min_active_int=\count151
\l__regex_max_active_int=\count152
\l__regex_replacement_csnames_int=\count153
\l__regex_match_count_int=\count154
\l__regex_min_submatch_int=\count155
\l__regex_submatch_int=\count156
\l__regex_zeroth_submatch_int=\count157
\g__regex_trace_regex_int=\count158
\c_empty_box=\box27
\l_tmpa_box=\box28
\l_tmpb_box=\box29
\g_tmpa_box=\box30
\g_tmpb_box=\box31
\l__box_top_dim=\dimen109
\l__box_bottom_dim=\dimen110
\l__box_left_dim=\dimen111
\l__box_right_dim=\dimen112
\l__box_top_new_dim=\dimen113
\l__box_bottom_new_dim=\dimen114
\l__box_left_new_dim=\dimen115
\l__box_right_new_dim=\dimen116
\l__box_internal_box=\box32
\l__coffin_internal_box=\box33
\l__coffin_internal_dim=\dimen117
\l__coffin_offset_x_dim=\dimen118
\l__coffin_offset_y_dim=\dimen119
\l__coffin_x_dim=\dimen120
\l__coffin_y_dim=\dimen121
\l__coffin_x_prime_dim=\dimen122
\l__coffin_y_prime_dim=\dimen123
\c_empty_coffin=\box34
\l__coffin_aligned_coffin=\box35
\l__coffin_aligned_internal_coffin=\box36
\l_tmpa_coffin=\box37
\l_tmpb_coffin=\box38
\g_tmpa_coffin=\box39
\g_tmpb_coffin=\box40
\c__coffin_empty_coffin=\box41
\l__coffin_display_coffin=\box42
\l__coffin_display_coord_coffin=\box43
\l__coffin_display_pole_coffin=\box44
\l__coffin_display_offset_dim=\dimen124
\l__coffin_display_x_dim=\dimen125
\l__coffin_display_y_dim=\dimen126
\g__file_internal_ior=\read1
\l__coffin_bounding_shift_dim=\dimen127
\l__coffin_left_corner_dim=\dimen128
\l__coffin_right_corner_dim=\dimen129
\l__coffin_bottom_corner_dim=\dimen130
\l__coffin_top_corner_dim=\dimen131
\l__coffin_scaled_total_height_dim=\dimen132
\l__coffin_scaled_width_dim=\dimen133
\l__seq_internal_a_int=\count159
\l__seq_internal_b_int=\count160
)
("C:\Users\lenovo\AppData\Local\Programs\MiKTeX 2.9\tex/latex/l3kernel\l3xdvipd
fmx.def"
File: l3xdvipdfmx.def 2019-01-28 v L3 Experimental driver: xdvipdfmx
\g__driver_image_int=\count161
\g__driver_pdf_object_int=\count162
))
Document Class: ctexbook 2018/05/02 v2.4.14 Chinese adapter for class book (CTE
X)

("C:\Users\lenovo\AppData\Local\Programs\MiKTeX 2.9\tex/latex/l3packages/xparse
\xparse.sty"
Package: xparse 2018-10-17 L3 Experimental document command parser
\l__xparse_current_arg_int=\count163
\g__xparse_grabber_int=\count164
\l__xparse_m_args_int=\count165
\l__xparse_mandatory_args_int=\count166
\l__xparse_v_nesting_int=\count167
)
("C:\Users\lenovo\AppData\Local\Programs\MiKTeX 2.9\tex/latex/l3packages/l3keys
2e\l3keys2e.sty"
Package: l3keys2e 2018-10-17 LaTeX2e option processing using LaTeX3 keys
) ("C:\Users\lenovo\AppData\Local\Programs\MiKTeX 2.9\tex/latex/ctex\ctexhook.s
ty"
Package: ctexhook 2018/05/02 v2.4.14 Document and package hooks (CTEX)
)
("C:\Users\lenovo\AppData\Local\Programs\MiKTeX 2.9\tex/latex/ctex\ctexpatch.st
y"
Package: ctexpatch 2018/05/02 v2.4.14 Patching commands (CTEX)
) ("C:\Users\lenovo\AppData\Local\Programs\MiKTeX 2.9\tex/latex/base\fix-cm.sty
"
Package: fix-cm 2015/01/14 v1.1t fixes to LaTeX
("C:\Users\lenovo\AppData\Local\Programs\MiKTeX 2.9\tex/latex/base\ts1enc.def"
File: ts1enc.def 2001/06/05 v3.0e (jk/car/fm) Standard LaTeX file
)) ("C:\Users\lenovo\AppData\Local\Programs\MiKTeX 2.9\tex/latex/ms\everysel.st
y"
Package: everysel 2011/10/28 v1.2 EverySelectfont Package (MS)
)
\l__ctex_tmp_int=\count168
\l__ctex_tmp_box=\box45
\l__ctex_tmp_dim=\dimen134
\g__ctex_font_size_flag=\count169

("C:\Users\lenovo\AppData\Local\Programs\MiKTeX 2.9\tex/latex/ctex/config\ctexo
pts.cfg"
File: ctexopts.cfg 2018/05/02 v2.4.14 Option configuration file (CTEX)
)

Package ctex Warning: Option `nofonts' is deprecated.
(ctex)                Option `fontset=none' is set. It is better to use
(ctex)                fontset option.


Package ctex Warning: Option `cs4size' is deprecated.
(ctex)                Option `zihao=-4' is set.


Package ctex Warning: Option `fancyhdr' is deprecated.
(ctex)                `fancyhdr' package is loaded.


("C:\Users\lenovo\AppData\Local\Programs\MiKTeX 2.9\tex/latex/fancyhdr\fancyhdr
.sty"
Package: fancyhdr 2019/01/31 v3.10 Extensive control of page headers and footer
s
\f@nch@headwidth=\skip47
\f@nch@O@elh=\skip48
\f@nch@O@erh=\skip49
\f@nch@O@olh=\skip50
\f@nch@O@orh=\skip51
\f@nch@O@elf=\skip52
\f@nch@O@erf=\skip53
\f@nch@O@olf=\skip54
\f@nch@O@orf=\skip55
)

Package ctex Warning: Option `fntef' is deprecated.
(ctex)                `(xe)CJKfntef' package is always loaded.

("C:\Users\lenovo\AppData\Local\Programs\MiKTeX 2.9\tex/latex/base\book.cls"
Document Class: book 2018/09/03 v1.4i Standard LaTeX document class
("C:\Users\lenovo\AppData\Local\Programs\MiKTeX 2.9\tex/latex/base\bk12.clo"
File: bk12.clo 2018/09/03 v1.4i Standard LaTeX file (size option)
)
\c@part=\count170
\c@chapter=\count171
\c@section=\count172
\c@subsection=\count173
\c@subsubsection=\count174
\c@paragraph=\count175
\c@subparagraph=\count176
\c@figure=\count177
\c@table=\count178
\abovecaptionskip=\skip56
\belowcaptionskip=\skip57
\bibindent=\dimen135
)
("C:\Users\lenovo\AppData\Local\Programs\MiKTeX 2.9\tex/latex/ctex/engine\ctex-
engine-xetex.def"
File: ctex-engine-xetex.def 2018/05/02 v2.4.14 XeLaTeX adapter (CTEX)
("C:\Users\lenovo\AppData\Local\Programs\MiKTeX 2.9\tex/xelatex/xecjk\xeCJK.sty
"
Package: xeCJK 2018/04/30 v3.7.1 Typesetting CJK scripts with XeLaTeX

("C:\Users\lenovo\AppData\Local\Programs\MiKTeX 2.9\tex/latex/l3packages/xtempl
ate\xtemplate.sty"
Package: xtemplate 2018-10-17 L3 Experimental prototype document functions
\l__xtemplate_tmp_dim=\dimen136
\l__xtemplate_tmp_int=\count179
\l__xtemplate_tmp_muskip=\muskip16
\l__xtemplate_tmp_skip=\skip58
)
\l__xeCJK_tmp_int=\count180
\l__xeCJK_tmp_box=\box46
\l__xeCJK_tmp_dim=\dimen137
\l__xeCJK_tmp_skip=\skip59
\g__xeCJK_space_factor_int=\count181
\l__xeCJK_begin_int=\count182
\l__xeCJK_end_int=\count183
\c__xeCJK_CJK_class_int=\XeTeXcharclass1
\c__xeCJK_FullLeft_class_int=\XeTeXcharclass2
\c__xeCJK_FullRight_class_int=\XeTeXcharclass3
\c__xeCJK_HalfLeft_class_int=\XeTeXcharclass4
\c__xeCJK_HalfRight_class_int=\XeTeXcharclass5
\c__xeCJK_NormalSpace_class_int=\XeTeXcharclass6
\c__xeCJK_CM_class_int=\XeTeXcharclass7
\c__xeCJK_HangulJamo_class_int=\XeTeXcharclass8
\l__xeCJK_last_skip=\skip60
\g__xeCJK_node_int=\count184
\c__xeCJK_CJK_node_dim=\dimen138
\c__xeCJK_CJK-space_node_dim=\dimen139
\c__xeCJK_default_node_dim=\dimen140
\c__xeCJK_default-space_node_dim=\dimen141
\c__xeCJK_CJK-widow_node_dim=\dimen142
\c__xeCJK_normalspace_node_dim=\dimen143
\l__xeCJK_ccglue_skip=\skip61
\l__xeCJK_ecglue_skip=\skip62
\l__xeCJK_punct_kern_skip=\skip63
\l__xeCJK_last_penalty_int=\count185
\l__xeCJK_last_bound_dim=\dimen144
\l__xeCJK_last_kern_dim=\dimen145
\l__xeCJK_widow_penalty_int=\count186

Package xtemplate Info: Declaring object type 'xeCJK/punctuation' taking 0
(xtemplate)             argument(s) on line 2362.

\l__xeCJK_fixed_punct_width_dim=\dimen146
\l__xeCJK_mixed_punct_width_dim=\dimen147
\l__xeCJK_middle_punct_width_dim=\dimen148
\l__xeCJK_fixed_margin_width_dim=\dimen149
\l__xeCJK_mixed_margin_width_dim=\dimen150
\l__xeCJK_middle_margin_width_dim=\dimen151
\l__xeCJK_bound_punct_width_dim=\dimen152
\l__xeCJK_bound_margin_width_dim=\dimen153
\l__xeCJK_margin_minimum_dim=\dimen154
\l__xeCJK_kerning_total_width_dim=\dimen155
\l__xeCJK_same_align_margin_dim=\dimen156
\l__xeCJK_different_align_margin_dim=\dimen157
\l__xeCJK_kerning_margin_width_dim=\dimen158
\l__xeCJK_kerning_margin_minimum_dim=\dimen159
\l__xeCJK_bound_dim=\dimen160
\l__xeCJK_reverse_bound_dim=\dimen161
\l__xeCJK_minimum_bound_dim=\dimen162
\l__xeCJK_kerning_margin_dim=\dimen163
\l__xeCJK_original_margin_dim=\dimen164
\g__xeCJK_family_int=\count187
\l__xeCJK_fam_int=\count188
\g__xeCJK_fam_allocation_int=\count189
\l__xeCJK_verb_case_int=\count190
\l__xeCJK_verb_exspace_skip=\skip64

("C:\Users\lenovo\AppData\Local\Programs\MiKTeX 2.9\tex/latex/fontspec\fontspec
.sty"
Package: fontspec 2018/07/30 vv2.6h Font selection for XeLaTeX and LuaLaTeX

("C:\Users\lenovo\AppData\Local\Programs\MiKTeX 2.9\tex/latex/fontspec\fontspec
-xetex.sty"
Package: fontspec-xetex 2018/07/30 vv2.6h Font selection for XeLaTeX and LuaLaT
eX
\l__fontspec_script_int=\count191
\l__fontspec_language_int=\count192
\l__fontspec_strnum_int=\count193
\l__fontspec_tmp_int=\count194
\l__fontspec_em_int=\count195
\l__fontspec_emdef_int=\count196
\l__fontspec_strong_int=\count197
\l__fontspec_strongdef_int=\count198
\l__fontspec_tmpa_dim=\dimen165
\l__fontspec_tmpb_dim=\dimen166
\l__fontspec_tmpc_dim=\dimen167
("C:\Users\lenovo\AppData\Local\Programs\MiKTeX 2.9\tex/latex/base\fontenc.sty"
Package: fontenc 2018/08/11 v2.0j Standard LaTeX package
("C:\Users\lenovo\AppData\Local\Programs\MiKTeX 2.9\tex/latex/base\tuenc.def"
File: tuenc.def 2018/08/11 v2.0j Standard LaTeX file
LaTeX Font Info:    Redeclaring font encoding TU on input line 82.
))
("C:\Users\lenovo\AppData\Local\Programs\MiKTeX 2.9\tex/latex/fontspec\fontspec
.cfg")
LaTeX Info: Redefining \itshape on input line 3910.
LaTeX Info: Redefining \slshape on input line 3915.
LaTeX Info: Redefining \scshape on input line 3920.
LaTeX Info: Redefining \upshape on input line 3925.
LaTeX Info: Redefining \em on input line 3955.
LaTeX Info: Redefining \emph on input line 3980.
LaTeX Info: Redefining \- on input line 4034.
)) ("C:\Users\lenovo\AppData\Local\Programs\MiKTeX 2.9\tex/xelatex/xecjk\xeCJK.
cfg"
File: xeCJK.cfg 2018/04/30 v3.7.1 Configuration file for xeCJK package
))
("C:\Users\lenovo\AppData\Local\Programs\MiKTeX 2.9\tex/xelatex/xecjk\xeCJKfnte
f.sty"
Package: xeCJKfntef 2018/04/30 v3.7.1 xeCJK font effect
("C:\Users\lenovo\AppData\Local\Programs\MiKTeX 2.9\tex/latex/ulem\ulem.sty"
\UL@box=\box47
\UL@hyphenbox=\box48
\UL@skip=\skip65
\UL@hook=\toks14
\UL@height=\dimen168
\UL@pe=\count199
\UL@pixel=\dimen169
\ULC@box=\box49
Package: ulem 2012/05/18
\ULdepth=\dimen170
)
("C:\Users\lenovo\AppData\Local\Programs\MiKTeX 2.9\tex/latex/environ\environ.s
ty"
Package: environ 2014/05/04 v0.3 A new way to define environments

("C:\Users\lenovo\AppData\Local\Programs\MiKTeX 2.9\tex/latex/trimspaces\trimsp
aces.sty"
Package: trimspaces 2009/09/17 v1.1 Trim spaces around a token list
)
\@envbody=\toks15
) ("C:\Users\lenovo\AppData\Local\Programs\MiKTeX 2.9\tex/latex/cjk\CJKfntef.st
y"
Package: CJKfntef 2015/04/18 4.8.4
\CJK@fntefSkip=\skip66
\CJK@nest=\count266
\CJK@fntefDimen=\dimen171
\CJK@underdotBox=\box50
\CJK@ULbox=\box51
\CJK@underanyskip=\dimen172
)
\l__xeCJK_space_skip=\skip67
\c__xeCJK_ulem-begin_node_dim=\dimen173
\c__xeCJK_null_box=\box52
\l__xeCJK_fntef_box=\box53
\l__xeCJK_under_symbol_box=\box54
\c__xeCJK_filll_skip=\skip68
)
\ccwd=\dimen174
\l__ctex_ccglue_skip=\skip69
)
\l__ctex_ziju_dim=\dimen175

("C:\Users\lenovo\AppData\Local\Programs\MiKTeX 2.9\tex/latex/zhnumber\zhnumber
.sty"
Package: zhnumber 2018/01/28 v2.6 Typesetting numbers with Chinese glyphs
\l__zhnum_scale_int=\count267

("C:\Users\lenovo\AppData\Local\Programs\MiKTeX 2.9\tex/latex/zhnumber\zhnumber
-utf8.cfg"
File: zhnumber-utf8.cfg 2018/01/28 v2.6 Chinese numerals with UTF8 encoding
))
\l__ctex_heading_skip=\skip70

("C:\Users\lenovo\AppData\Local\Programs\MiKTeX 2.9\tex/latex/ctex/scheme\ctex-
scheme-chinese-book.def"
File: ctex-scheme-chinese-book.def 2018/05/02 v2.4.14 Chinese scheme for book (
CTEX)

("C:\Users\lenovo\AppData\Local\Programs\MiKTeX 2.9\tex/latex/ctex/config\ctex-
name-utf8.cfg"
File: ctex-name-utf8.cfg 2018/05/02 v2.4.14 Caption with encoding UTF8 (CTEX)
))
("C:\Users\lenovo\AppData\Local\Programs\MiKTeX 2.9\tex/latex/ctex\ctex-cs4size
.clo"
File: ctex-cs4size.clo 2018/05/02 v2.4.14 cs4size option (CTEX)
))
("C:\Users\lenovo\AppData\Local\Programs\MiKTeX 2.9\tex/latex/ctex/config\ctex.
cfg"
File: ctex.cfg 2018/05/02 v2.4.14 Configuration file (CTEX)
)
("C:\Users\lenovo\AppData\Local\Programs\MiKTeX 2.9\tex/latex/geometry\geometry
.sty"
Package: geometry 2018/04/16 v5.8 Page Geometry

("C:\Users\lenovo\AppData\Local\Programs\MiKTeX 2.9\tex/latex/graphics\keyval.s
ty"
Package: keyval 2014/10/28 v1.15 key=value parser (DPC)
\KV@toks@=\toks16
)
("C:\Users\lenovo\AppData\Local\Programs\MiKTeX 2.9\tex/generic/oberdiek\ifpdf.
sty"
Package: ifpdf 2018/09/07 v3.3 Provides the ifpdf switch
)
("C:\Users\lenovo\AppData\Local\Programs\MiKTeX 2.9\tex/generic/oberdiek\ifvtex
.sty"
Package: ifvtex 2016/05/16 v1.6 Detect VTeX and its facilities (HO)
Package ifvtex Info: VTeX not detected.
)
("C:\Users\lenovo\AppData\Local\Programs\MiKTeX 2.9\tex/generic/ifxetex\ifxetex
.sty"
Package: ifxetex 2010/09/12 v0.6 Provides ifxetex conditional
)
\Gm@cnth=\count268
\Gm@cntv=\count269
\c@Gm@tempcnt=\count270
\Gm@bindingoffset=\dimen176
\Gm@wd@mp=\dimen177
\Gm@odd@mp=\dimen178
\Gm@even@mp=\dimen179
\Gm@layoutwidth=\dimen180
\Gm@layoutheight=\dimen181
\Gm@layouthoffset=\dimen182
\Gm@layoutvoffset=\dimen183
\Gm@dimlist=\toks17

("C:\Users\lenovo\AppData\Local\Programs\MiKTeX 2.9\tex/xelatex/xetexconfig\geo
metry.cfg"))
("C:\Users\lenovo\AppData\Local\Programs\MiKTeX 2.9\tex/latex/lastpage\lastpage
.sty"
Package: lastpage 2015/03/29 v1.2m Refers to last page's name (HMM; JPG)
)
("C:\Users\lenovo\AppData\Local\Programs\MiKTeX 2.9\tex/latex/metalogo\metalogo
.sty"
Package: metalogo 2010/05/29 v0.12 Extended TeX logo macros

("C:\Users\lenovo\AppData\Local\Programs\MiKTeX 2.9\tex/latex/graphics\graphicx
.sty"
Package: graphicx 2017/06/01 v1.1a Enhanced LaTeX Graphics (DPC,SPQR)

("C:\Users\lenovo\AppData\Local\Programs\MiKTeX 2.9\tex/latex/graphics\graphics
.sty"
Package: graphics 2017/06/25 v1.2c Standard LaTeX Graphics (DPC,SPQR)
("C:\Users\lenovo\AppData\Local\Programs\MiKTeX 2.9\tex/latex/graphics\trig.sty
"
Package: trig 2016/01/03 v1.10 sin cos tan (DPC)
)
("C:\Users\lenovo\AppData\Local\Programs\MiKTeX 2.9\tex/latex/graphics-cfg\grap
hics.cfg"
File: graphics.cfg 2016/06/04 v1.11 sample graphics configuration
)
Package graphics Info: Driver file: xetex.def on input line 99.

("C:\Users\lenovo\AppData\Local\Programs\MiKTeX 2.9\tex/latex/graphics-def\xete
x.def"
File: xetex.def 2017/06/24 v5.0h Graphics/color driver for xetex
))
\Gin@req@height=\dimen184
\Gin@req@width=\dimen185
)
\xl@everylogo=\toks18
\xl@@everylogo=\toks19
LaTeX Info: Redefining \TeX on input line 193.
LaTeX Info: Redefining \LaTeX on input line 202.
LaTeX Info: Redefining \LaTeXe on input line 219.
) ("C:\Users\lenovo\AppData\Local\Programs\MiKTeX 2.9\tex/latex/base\doc.sty"
Package: doc 2018/09/25 v2.1i Standard LaTeX documentation package (FMi)
\c@StandardModuleDepth=\count271
\guard@level=\count272
\MacrocodeTopsep=\skip71
\MacroIndent=\dimen186
\macro@cnt=\count273
\MacroTopsep=\skip72
\index@excludelist=\toks20

("C:\Users\lenovo\AppData\Local\Programs\MiKTeX 2.9\tex/latex/tools\multicol.st
y"
Package: multicol 2018/11/09 v1.8u multicolumn formatting (FMi)
\c@tracingmulticols=\count274
\mult@box=\box55
\multicol@leftmargin=\dimen187
\c@unbalance=\count275
\c@collectmore=\count276
\doublecol@number=\count277
\multicoltolerance=\count278
\multicolpretolerance=\count279
\full@width=\dimen188
\page@free=\dimen189
\premulticols=\dimen190
\postmulticols=\dimen191
\multicolsep=\skip73
\multicolbaselineskip=\skip74
\partial@page=\box56
\last@line=\box57
\maxbalancingoverflow=\dimen192
\mult@rightbox=\box58
\mult@grightbox=\box59
\mult@gfirstbox=\box60
\mult@firstbox=\box61
\@tempa=\box62
\@tempa=\box63
\@tempa=\box64
\@tempa=\box65
\@tempa=\box66
\@tempa=\box67
\@tempa=\box68
\@tempa=\box69
\@tempa=\box70
\@tempa=\box71
\@tempa=\box72
\@tempa=\box73
\@tempa=\box74
\@tempa=\box75
\@tempa=\box76
\@tempa=\box77
\@tempa=\box78
\c@columnbadness=\count280
\c@finalcolumnbadness=\count281
\last@try=\dimen193
\multicolovershoot=\dimen194
\multicolundershoot=\dimen195
\mult@nat@firstbox=\box79
\colbreak@box=\box80
\mc@col@check@num=\count282
)
\IndexMin=\dimen196
\c@IndexColumns=\count283
\GlossaryMin=\dimen197
\c@GlossaryColumns=\count284
\check@sum=\count285
\bslash@cnt=\count286
\wrong@table=\toks21
\c@CodelineNo=\count287
)
("C:\Users\lenovo\AppData\Local\Programs\MiKTeX 2.9\tex/latex/threeparttable\th
reeparttable.sty"
Package: threeparttable 2003/06/13  v 3.0
\@tempboxb=\box81
) ("C:\Users\lenovo\AppData\Local\Programs\MiKTeX 2.9\tex/latex/tools\dcolumn.s
ty"
Package: dcolumn 2014/10/28 v1.06 decimal alignment package (DPC)
("C:\Users\lenovo\AppData\Local\Programs\MiKTeX 2.9\tex/latex/tools\array.sty"
Package: array 2018/11/13 v2.4j Tabular extension package (FMi)
\col@sep=\dimen198
\ar@mcellbox=\box82
\extrarowheight=\dimen199
\NC@list=\toks22
\extratabsurround=\skip75
\backup@length=\skip76
\ar@cellbox=\box83
))
("C:\Users\lenovo\AppData\Local\Programs\MiKTeX 2.9\tex/latex/multirow\multirow
.sty"
Package: multirow 2019/01/01 v2.4 Span multiple rows of a table
\multirow@colwidth=\skip77
\multirow@cntb=\count288
\multirow@dima=\skip78
\bigstrutjot=\dimen256
)
("C:\Users\lenovo\AppData\Local\Programs\MiKTeX 2.9\tex/latex/booktabs\booktabs
.sty"
Package: booktabs 2005/04/14 v1.61803 publication quality tables
\heavyrulewidth=\dimen257
\lightrulewidth=\dimen258
\cmidrulewidth=\dimen259
\belowrulesep=\dimen260
\belowbottomsep=\dimen261
\aboverulesep=\dimen262
\abovetopsep=\dimen263
\cmidrulesep=\dimen264
\cmidrulekern=\dimen265
\defaultaddspace=\dimen266
\@cmidla=\count289
\@cmidlb=\count290
\@aboverulesep=\dimen267
\@belowrulesep=\dimen268
\@thisruleclass=\count291
\@lastruleclass=\count292
\@thisrulewidth=\dimen269
)
("C:\Users\lenovo\AppData\Local\Programs\MiKTeX 2.9\tex/latex/mathtools\mathtoo
ls.sty"
Package: mathtools 2018/01/08 v1.21 mathematical typesetting tools
("C:\Users\lenovo\AppData\Local\Programs\MiKTeX 2.9\tex/latex/tools\calc.sty"
Package: calc 2017/05/25 v4.3 Infix arithmetic (KKT,FJ)
\calc@Acount=\count293
\calc@Bcount=\count294
\calc@Adimen=\dimen270
\calc@Bdimen=\dimen271
\calc@Askip=\skip79
\calc@Bskip=\skip80
LaTeX Info: Redefining \setlength on input line 80.
LaTeX Info: Redefining \addtolength on input line 81.
\calc@Ccount=\count295
\calc@Cskip=\skip81
)
("C:\Users\lenovo\AppData\Local\Programs\MiKTeX 2.9\tex/latex/mathtools\mhsetup
.sty"
Package: mhsetup 2017/03/31 v1.3 programming setup (MH)
)
("C:\Users\lenovo\AppData\Local\Programs\MiKTeX 2.9\tex/latex/amsmath\amsmath.s
ty"
Package: amsmath 2018/12/01 v2.17b AMS math features
\@mathmargin=\skip82
For additional information on amsmath, use the `?' option.

("C:\Users\lenovo\AppData\Local\Programs\MiKTeX 2.9\tex/latex/amsmath\amstext.s
ty"
Package: amstext 2000/06/29 v2.01 AMS text

("C:\Users\lenovo\AppData\Local\Programs\MiKTeX 2.9\tex/latex/amsmath\amsgen.st
y"
File: amsgen.sty 1999/11/30 v2.0 generic functions
\@emptytoks=\toks23
\ex@=\dimen272
))
("C:\Users\lenovo\AppData\Local\Programs\MiKTeX 2.9\tex/latex/amsmath\amsbsy.st
y"
Package: amsbsy 1999/11/29 v1.2d Bold Symbols
\pmbraise@=\dimen273
)
("C:\Users\lenovo\AppData\Local\Programs\MiKTeX 2.9\tex/latex/amsmath\amsopn.st
y"
Package: amsopn 2016/03/08 v2.02 operator names
)
\inf@bad=\count296
LaTeX Info: Redefining \frac on input line 223.
\uproot@=\count297
\leftroot@=\count298
LaTeX Info: Redefining \overline on input line 385.
\classnum@=\count299
\DOTSCASE@=\count300
LaTeX Info: Redefining \ldots on input line 482.
LaTeX Info: Redefining \dots on input line 485.
LaTeX Info: Redefining \cdots on input line 606.
\Mathstrutbox@=\box84
\strutbox@=\box85
\big@size=\dimen274
LaTeX Font Info:    Redeclaring font encoding OML on input line 729.
LaTeX Font Info:    Redeclaring font encoding OMS on input line 730.
\macc@depth=\count301
\c@MaxMatrixCols=\count302
\dotsspace@=\muskip17
\c@parentequation=\count303
\dspbrk@lvl=\count304
\tag@help=\toks24
\row@=\count305
\column@=\count306
\maxfields@=\count307
\andhelp@=\toks25
\eqnshift@=\dimen275
\alignsep@=\dimen276
\tagshift@=\dimen277
\tagwidth@=\dimen278
\totwidth@=\dimen279
\lineht@=\dimen280
\@envbody=\toks26
\multlinegap=\skip83
\multlinetaggap=\skip84
\mathdisplay@stack=\toks27
LaTeX Info: Redefining \[ on input line 2844.
LaTeX Info: Redefining \] on input line 2845.
)
LaTeX Info: Thecontrolsequence`\('isalreadyrobust on input line 129.
LaTeX Info: Thecontrolsequence`\)'isalreadyrobust on input line 129.
LaTeX Info: Thecontrolsequence`\['isalreadyrobust on input line 129.
LaTeX Info: Thecontrolsequence`\]'isalreadyrobust on input line 129.
\g_MT_multlinerow_int=\count308
\l_MT_multwidth_dim=\dimen281
\origjot=\skip85
\l_MT_shortvdotswithinadjustabove_dim=\dimen282
\l_MT_shortvdotswithinadjustbelow_dim=\dimen283
\l_MT_above_intertext_sep=\dimen284
\l_MT_below_intertext_sep=\dimen285
\l_MT_above_shortintertext_sep=\dimen286
\l_MT_below_shortintertext_sep=\dimen287
) ("C:\Users\lenovo\AppData\Local\Programs\MiKTeX 2.9\tex/latex/amscls\amsthm.s
ty"
Package: amsthm 2017/10/31 v2.20.4
\thm@style=\toks28
\thm@bodyfont=\toks29
\thm@headfont=\toks30
\thm@notefont=\toks31
\thm@headpunct=\toks32
\thm@preskip=\skip86
\thm@postskip=\skip87
\thm@headsep=\skip88
\dth@everypar=\toks33
)
("C:\Users\lenovo\AppData\Local\Programs\MiKTeX 2.9\tex/latex/amsfonts\amsfonts
.sty"
Package: amsfonts 2013/01/14 v3.01 Basic AMSFonts support
\symAMSa=\mathgroup4
\symAMSb=\mathgroup5
LaTeX Font Info:    Overwriting math alphabet `\mathfrak' in version `bold'
(Font)                  U/euf/m/n --> U/euf/b/n on input line 106.
)
("C:\Users\lenovo\AppData\Local\Programs\MiKTeX 2.9\tex/latex/amsfonts\amssymb.
sty"
Package: amssymb 2013/01/14 v3.01 AMS font symbols
) ("C:\Users\lenovo\AppData\Local\Programs\MiKTeX 2.9\tex/latex/tools\bm.sty"
Package: bm 2017/01/16 v1.2c Bold Symbol Support (DPC/FMi)
\symboldoperators=\mathgroup6
\symboldletters=\mathgroup7
\symboldsymbols=\mathgroup8
LaTeX Font Info:    Redeclaring math alphabet \mathbf on input line 141.
LaTeX Info: Redefining \bm on input line 207.
)
("C:\Users\lenovo\AppData\Local\Programs\MiKTeX 2.9\tex/latex/jknappen\mathrsfs
.sty"
Package: mathrsfs 1996/01/01 Math RSFS package v1.0 (jk)
\symrsfs=\mathgroup9
) ("C:\Users\lenovo\AppData\Local\Programs\MiKTeX 2.9\tex/latex/was\upgreek.sty
"
Package: upgreek 2003/02/12 v2.0 (WaS)
Package upgreek Info: Using Euler Roman for upright Greek on input line 31.
\symugrf@m=\mathgroup10
LaTeX Font Info:    Overwriting symbol font `ugrf@m' in version `bold'
(Font)                  U/eur/m/n --> U/eur/b/n on input line 38.
)
("C:\Users\lenovo\AppData\Local\Programs\MiKTeX 2.9\tex/latex/subfigure\subfigu
re.sty"
Package: subfigure 2002/07/30 v2.1.4 subfigure package
\subfigtopskip=\skip89
\subfigcapskip=\skip90
\subfigcaptopadj=\dimen288
\subfigbottomskip=\skip91
\subfigcapmargin=\dimen289
\subfiglabelskip=\skip92
\c@subfigure=\count309
\c@lofdepth=\count310
\c@subtable=\count311
\c@lotdepth=\count312
****************************************
* Local config file subfigure.cfg used *
****************************************

("C:\Users\lenovo\AppData\Local\Programs\MiKTeX 2.9\tex/latex/subfigure\subfigu
re.cfg")
\subfig@top=\skip93
\subfig@bottom=\skip94
)
("C:\Users\lenovo\AppData\Local\Programs\MiKTeX 2.9\tex/latex/ccaption\ccaption
.sty"
Package: ccaption 2011/08/07 v3.2c Extended captioning and new floats
\@contcwidth=\skip95
\@contindw=\skip96
\abovelegendskip=\skip97
\belowlegendskip=\skip98
\c@newflo@tctr=\count313
)
("C:\Users\lenovo\AppData\Local\Programs\MiKTeX 2.9\tex/latex/biblatex\biblatex
.sty"
Package: biblatex 2018/11/02 v3.12 programmable bibliographies (PK/MW)

("C:\Users\lenovo\AppData\Local\Programs\MiKTeX 2.9\tex/generic/oberdiek\pdftex
cmds.sty"
Package: pdftexcmds 2018/09/10 v0.29 Utility functions of pdfTeX for LuaTeX (HO
)

("C:\Users\lenovo\AppData\Local\Programs\MiKTeX 2.9\tex/generic/oberdiek\infwar
err.sty"
Package: infwarerr 2016/05/16 v1.4 Providing info/warning/error messages (HO)
)
("C:\Users\lenovo\AppData\Local\Programs\MiKTeX 2.9\tex/generic/oberdiek\ifluat
ex.sty"
Package: ifluatex 2016/05/16 v1.4 Provides the ifluatex switch (HO)
Package ifluatex Info: LuaTeX not detected.
)
("C:\Users\lenovo\AppData\Local\Programs\MiKTeX 2.9\tex/generic/oberdiek\ltxcmd
s.sty"
Package: ltxcmds 2016/05/16 v1.23 LaTeX kernel commands for general use (HO)
)
Package pdftexcmds Info: LuaTeX not detected.
Package pdftexcmds Info: pdfTeX >= 1.30 not detected.
Package pdftexcmds Info: \pdf@primitive is available.
Package pdftexcmds Info: \pdf@ifprimitive is available.
Package pdftexcmds Info: \pdfdraftmode not found.
)
("C:\Users\lenovo\AppData\Local\Programs\MiKTeX 2.9\tex/latex/etoolbox\etoolbox
.sty"
Package: etoolbox 2018/08/19 v2.5f e-TeX tools for LaTeX (JAW)
\etb@tempcnta=\count314
)
("C:\Users\lenovo\AppData\Local\Programs\MiKTeX 2.9\tex/latex/oberdiek\kvoption
s.sty"
Package: kvoptions 2016/05/16 v3.12 Key value format for package options (HO)

("C:\Users\lenovo\AppData\Local\Programs\MiKTeX 2.9\tex/generic/oberdiek\kvsetk
eys.sty"
Package: kvsetkeys 2016/05/16 v1.17 Key value parser (HO)

("C:\Users\lenovo\AppData\Local\Programs\MiKTeX 2.9\tex/generic/oberdiek\etexcm
ds.sty"
Package: etexcmds 2016/05/16 v1.6 Avoid name clashes with e-TeX commands (HO)
))) ("C:\Users\lenovo\AppData\Local\Programs\MiKTeX 2.9\tex/latex/logreq\logreq
.sty"
Package: logreq 2010/08/04 v1.0 xml request logger
\lrq@indent=\count315
("C:\Users\lenovo\AppData\Local\Programs\MiKTeX 2.9\tex/latex/logreq\logreq.def
"
File: logreq.def 2010/08/04 v1.0 logreq spec v1.0
)) ("C:\Users\lenovo\AppData\Local\Programs\MiKTeX 2.9\tex/latex/base\ifthen.st
y"
Package: ifthen 2014/09/29 v1.1c Standard LaTeX ifthen package (DPC)
) ("C:\Users\lenovo\AppData\Local\Programs\MiKTeX 2.9\tex/latex/url\url.sty"
\Urlmuskip=\muskip18
Package: url 2013/09/16  ver 3.4  Verb mode for urls, etc.
)
\c@tabx@nest=\count316
\c@listtotal=\count317
\c@listcount=\count318
\c@liststart=\count319
\c@liststop=\count320
\c@citecount=\count321
\c@citetotal=\count322
\c@multicitecount=\count323
\c@multicitetotal=\count324
\c@instcount=\count325
\c@maxnames=\count326
\c@minnames=\count327
\c@maxitems=\count328
\c@minitems=\count329
\c@citecounter=\count330
\c@maxcitecounter=\count331
\c@savedcitecounter=\count332
\c@uniquelist=\count333
\c@uniquename=\count334
\c@refsection=\count335
\c@refsegment=\count336
\c@maxextratitle=\count337
\c@maxextratitleyear=\count338
\c@maxextraname=\count339
\c@maxextradate=\count340
\c@maxextraalpha=\count341
\c@abbrvpenalty=\count342
\c@highnamepenalty=\count343
\c@lownamepenalty=\count344
\c@maxparens=\count345
\c@parenlevel=\count346
\blx@tempcnta=\count347
\blx@tempcntb=\count348
\blx@tempcntc=\count349
\blx@maxsection=\count350
\blx@maxsegment@0=\count351
\blx@notetype=\count352
\blx@parenlevel@text=\count353
\blx@parenlevel@foot=\count354
\blx@sectionciteorder@0=\count355
\blx@entrysetcounter=\count356
\labelnumberwidth=\skip99
\labelalphawidth=\skip100
\biblabelsep=\skip101
\bibitemsep=\skip102
\bibnamesep=\skip103
\bibinitsep=\skip104
\bibparsep=\skip105
\bibhang=\skip106
\blx@bcfin=\read2
\blx@bcfout=\write3
\c@mincomprange=\count357
\c@maxcomprange=\count358
\c@mincompwidth=\count359
Package biblatex Info: Trying to load biblatex default data model...
Package biblatex Info: ... file 'blx-dm.def' found.

("C:\Users\lenovo\AppData\Local\Programs\MiKTeX 2.9\tex/latex/biblatex\blx-dm.d
ef"
File: blx-dm.def 2018/11/02 v3.12 biblatex localization (PK/MW)
)
Package biblatex Info: Trying to load biblatex style data model...
Package biblatex Info: ... file 'caspervector.dbx' not found.
Package biblatex Info: Trying to load biblatex custom data model...
Package biblatex Info: ... file 'biblatex-dm.cfg' not found.
\c@afterword=\count360
\c@savedafterword=\count361
\c@annotator=\count362
\c@savedannotator=\count363
\c@author=\count364
\c@savedauthor=\count365
\c@bookauthor=\count366
\c@savedbookauthor=\count367
\c@commentator=\count368
\c@savedcommentator=\count369
\c@editor=\count370
\c@savededitor=\count371
\c@editora=\count372
\c@savededitora=\count373
\c@editorb=\count374
\c@savededitorb=\count375
\c@editorc=\count376
\c@savededitorc=\count377
\c@foreword=\count378
\c@savedforeword=\count379
\c@holder=\count380
\c@savedholder=\count381
\c@introduction=\count382
\c@savedintroduction=\count383
\c@namea=\count384
\c@savednamea=\count385
\c@nameb=\count386
\c@savednameb=\count387
\c@namec=\count388
\c@savednamec=\count389
\c@translator=\count390
\c@savedtranslator=\count391
\c@shortauthor=\count392
\c@savedshortauthor=\count393
\c@shorteditor=\count394
\c@savedshorteditor=\count395
\c@labelname=\count396
\c@savedlabelname=\count397
\c@institution=\count398
\c@savedinstitution=\count399
\c@lista=\count400
\c@savedlista=\count401
\c@listb=\count402
\c@savedlistb=\count403
\c@listc=\count404
\c@savedlistc=\count405
\c@listd=\count406
\c@savedlistd=\count407
\c@liste=\count408
\c@savedliste=\count409
\c@listf=\count410
\c@savedlistf=\count411
\c@location=\count412
\c@savedlocation=\count413
\c@organization=\count414
\c@savedorganization=\count415
\c@origlocation=\count416
\c@savedoriglocation=\count417
\c@origpublisher=\count418
\c@savedorigpublisher=\count419
\c@publisher=\count420
\c@savedpublisher=\count421
\c@language=\count422
\c@savedlanguage=\count423
\c@origlanguage=\count424
\c@savedoriglanguage=\count425
\c@pageref=\count426
\c@savedpageref=\count427
\shorthandwidth=\skip107
\shortjournalwidth=\skip108
\shortserieswidth=\skip109
\shorttitlewidth=\skip110
\shortauthorwidth=\skip111
\shorteditorwidth=\skip112
\locallabelnumberwidth=\skip113
\locallabelalphawidth=\skip114
\localshorthandwidth=\skip115
\localshortjournalwidth=\skip116
\localshortserieswidth=\skip117
\localshorttitlewidth=\skip118
\localshortauthorwidth=\skip119
\localshorteditorwidth=\skip120
Package biblatex Info: Trying to load enhanced support for Unicode engines...
Package biblatex Info: ... file 'blx-unicode.def' found.

("C:\Users\lenovo\AppData\Local\Programs\MiKTeX 2.9\tex/latex/biblatex\blx-unic
ode.def")
Package biblatex Info: Trying to load compatibility code...
Package biblatex Info: ... file 'blx-compat.def' found.

("C:\Users\lenovo\AppData\Local\Programs\MiKTeX 2.9\tex/latex/biblatex\blx-comp
at.def"
File: blx-compat.def 2018/11/02 v3.12 biblatex compatibility (PK/MW)
)
Package biblatex Info: Trying to load generic definitions...
Package biblatex Info: ... file 'biblatex.def' found.

("C:\Users\lenovo\AppData\Local\Programs\MiKTeX 2.9\tex/latex/biblatex\biblatex
.def"
File: biblatex.def 2018/11/02 v3.12 biblatex compatibility (PK/MW)
\c@textcitecount=\count428
\c@textcitetotal=\count429
\c@textcitemaxnames=\count430
\c@biburlnumpenalty=\count431
\c@biburlucpenalty=\count432
\c@biburllcpenalty=\count433
\c@smartand=\count434
)
Package biblatex Info: Trying to load bibliography style 'caspervector'...
Package biblatex Info: ... file 'caspervector.bbx' found.

("C:\Users\lenovo\AppData\Local\Programs\MiKTeX 2.9\tex/latex/biblatex-casperve
ctor\caspervector.bbx"
File: caspervector.bbx 2018/06/29 v0.3.3 Casper Ti. Vector's numeric biblatex b
ibstyle
Package biblatex Info: Trying to load bibliography style 'numeric-comp'...
Package biblatex Info: ... file 'numeric-comp.bbx' found.

("C:\Users\lenovo\AppData\Local\Programs\MiKTeX 2.9\tex/latex/biblatex/bbx\nume
ric-comp.bbx"
File: numeric-comp.bbx 2018/11/02 v3.12 biblatex bibliography style (PK/MW)
Package biblatex Info: Trying to load bibliography style 'numeric'...
Package biblatex Info: ... file 'numeric.bbx' found.

("C:\Users\lenovo\AppData\Local\Programs\MiKTeX 2.9\tex/latex/biblatex/bbx\nume
ric.bbx"
File: numeric.bbx 2018/11/02 v3.12 biblatex bibliography style (PK/MW)
Package biblatex Info: Trying to load bibliography style 'standard'...
Package biblatex Info: ... file 'standard.bbx' found.

("C:\Users\lenovo\AppData\Local\Programs\MiKTeX 2.9\tex/latex/biblatex/bbx\stan
dard.bbx"
File: standard.bbx 2018/11/02 v3.12 biblatex bibliography style (PK/MW)
\c@bbx:relatedcount=\count435
\c@bbx:relatedtotal=\count436
)))
("C:\Users\lenovo\AppData\Local\Programs\MiKTeX 2.9\tex/latex/biblatex-casperve
ctor\blx-caspervector-base.def"
File: blx-caspervector-base.def 2018/06/29 v0.3.3 Casper Ti. Vector's biblatex 
library
))
Package biblatex Info: Trying to load citation style 'numeric'...
Package biblatex Info: ... file 'numeric.cbx' found.

("C:\Users\lenovo\AppData\Local\Programs\MiKTeX 2.9\tex/latex/biblatex/cbx\nume
ric.cbx"
File: numeric.cbx 2018/11/02 v3.12 biblatex citation style (PK/MW)
Package biblatex Info: Redefining '\cite'.
Package biblatex Info: Redefining '\parencite'.
Package biblatex Info: Redefining '\footcite'.
Package biblatex Info: Redefining '\footcitetext'.
Package biblatex Info: Redefining '\smartcite'.
Package biblatex Info: Redefining '\supercite'.
Package biblatex Info: Redefining '\textcite'.
Package biblatex Info: Redefining '\textcites'.
Package biblatex Info: Redefining '\cites'.
Package biblatex Info: Redefining '\parencites'.
Package biblatex Info: Redefining '\smartcites'.
)
Package biblatex Info: Trying to load configuration file...
Package biblatex Info: ... file 'biblatex.cfg' found.

("C:\Users\lenovo\AppData\Local\Programs\MiKTeX 2.9\tex/latex/biblatex\biblatex
.cfg"
File: biblatex.cfg 
))
("C:\Users\lenovo\AppData\Local\Programs\MiKTeX 2.9\tex/latex/biblatex-casperve
ctor\blx-caspervector-utf8.def"
File: blx-caspervector-utf8.def 2018/06/29 v0.3.3 Chinese punctuations and capt
ions in UTF-8
) ("C:\Users\lenovo\AppData\Local\Programs\MiKTeX 2.9\tex/latex/xcolor\xcolor.s
ty"
Package: xcolor 2016/05/11 v2.12 LaTeX color extensions (UK)

("C:\Users\lenovo\AppData\Local\Programs\MiKTeX 2.9\tex/latex/graphics-cfg\colo
r.cfg"
File: color.cfg 2016/01/02 v1.6 sample color configuration
)
Package xcolor Info: Driver file: xetex.def on input line 225.
Package xcolor Info: Model `cmy' substituted by `cmy0' on input line 1348.
Package xcolor Info: Model `RGB' extended on input line 1364.
Package xcolor Info: Model `HTML' substituted by `rgb' on input line 1366.
Package xcolor Info: Model `Hsb' substituted by `hsb' on input line 1367.
Package xcolor Info: Model `tHsb' substituted by `hsb' on input line 1368.
Package xcolor Info: Model `HSB' substituted by `hsb' on input line 1369.
Package xcolor Info: Model `Gray' substituted by `gray' on input line 1370.
Package xcolor Info: Model `wave' substituted by `hsb' on input line 1371.
)
("C:\Users\lenovo\AppData\Local\Programs\MiKTeX 2.9\tex/latex/wasysym\wasysym.s
ty"
Package: wasysym 2003/10/30 v2.0 Wasy-2 symbol support package
\symwasy=\mathgroup11
LaTeX Font Info:    Overwriting symbol font `wasy' in version `bold'
(Font)                  U/wasy/m/n --> U/wasy/b/n on input line 90.
)
("C:\Users\lenovo\AppData\Local\Programs\MiKTeX 2.9\tex/latex/listings\listings
.sty"
\lst@mode=\count437
\lst@gtempboxa=\box86
\lst@token=\toks34
\lst@length=\count438
\lst@currlwidth=\dimen290
\lst@column=\count439
\lst@pos=\count440
\lst@lostspace=\dimen291
\lst@width=\dimen292
\lst@newlines=\count441
\lst@lineno=\count442
\lst@maxwidth=\dimen293

("C:\Users\lenovo\AppData\Local\Programs\MiKTeX 2.9\tex/latex/listings\lstmisc.
sty"
File: lstmisc.sty 2018/09/02 1.7 (Carsten Heinz)
\c@lstnumber=\count443
\lst@skipnumbers=\count444
\lst@framebox=\box87
)
("C:\Users\lenovo\AppData\Local\Programs\MiKTeX 2.9\tex/latex/listings\listings
.cfg"
File: listings.cfg 2018/09/02 1.7 listings configuration
))
Package: listings 2018/09/02 1.7 (Carsten Heinz)

("C:\Users\lenovo\AppData\Local\Programs\MiKTeX 2.9\tex/latex/hyperref\hyperref
.sty"
Package: hyperref 2018/11/30 v6.88e Hypertext links for LaTeX

("C:\Users\lenovo\AppData\Local\Programs\MiKTeX 2.9\tex/generic/oberdiek\hobsub
-hyperref.sty"
Package: hobsub-hyperref 2016/05/16 v1.14 Bundle oberdiek, subset hyperref (HO)


("C:\Users\lenovo\AppData\Local\Programs\MiKTeX 2.9\tex/generic/oberdiek\hobsub
-generic.sty"
Package: hobsub-generic 2016/05/16 v1.14 Bundle oberdiek, subset generic (HO)
Package: hobsub 2016/05/16 v1.14 Construct package bundles (HO)
Package hobsub Info: Skipping package `infwarerr' (already loaded).
Package hobsub Info: Skipping package `ltxcmds' (already loaded).
Package hobsub Info: Skipping package `ifluatex' (already loaded).
Package hobsub Info: Skipping package `ifvtex' (already loaded).
Package: intcalc 2016/05/16 v1.2 Expandable calculations with integers (HO)
Package hobsub Info: Skipping package `ifpdf' (already loaded).
Package hobsub Info: Skipping package `etexcmds' (already loaded).
Package hobsub Info: Skipping package `kvsetkeys' (already loaded).
Package: kvdefinekeys 2016/05/16 v1.4 Define keys (HO)
Package hobsub Info: Skipping package `pdftexcmds' (already loaded).
Package: pdfescape 2016/05/16 v1.14 Implements pdfTeX's escape features (HO)
Package: bigintcalc 2016/05/16 v1.4 Expandable calculations on big integers (HO
)
Package: bitset 2016/05/16 v1.2 Handle bit-vector datatype (HO)
Package: uniquecounter 2016/05/16 v1.3 Provide unlimited unique counter (HO)
)
Package hobsub Info: Skipping package `hobsub' (already loaded).
Package: letltxmacro 2016/05/16 v1.5 Let assignment for LaTeX macros (HO)
Package: hopatch 2016/05/16 v1.3 Wrapper for package hooks (HO)
Package: xcolor-patch 2016/05/16 xcolor patch
Package: atveryend 2016/05/16 v1.9 Hooks at the very end of document (HO)
Package: atbegshi 2016/06/09 v1.18 At begin shipout hook (HO)
Package: refcount 2016/05/16 v3.5 Data extraction from label references (HO)
Package: hycolor 2016/05/16 v1.8 Color options for hyperref/bookmark (HO)
)
("C:\Users\lenovo\AppData\Local\Programs\MiKTeX 2.9\tex/latex/oberdiek\auxhook.
sty"
Package: auxhook 2016/05/16 v1.4 Hooks for auxiliary files (HO)
)
\@linkdim=\dimen294
\Hy@linkcounter=\count445
\Hy@pagecounter=\count446

("C:\Users\lenovo\AppData\Local\Programs\MiKTeX 2.9\tex/latex/hyperref\pd1enc.d
ef"
File: pd1enc.def 2018/11/30 v6.88e Hyperref: PDFDocEncoding definition (HO)
)
\Hy@SavedSpaceFactor=\count447

("C:\Users\lenovo\AppData\Local\Programs\MiKTeX 2.9\tex/latex/00miktex\hyperref
.cfg"
File: hyperref.cfg 2002/06/06 v1.2 hyperref configuration of TeXLive
)
Package hyperref Info: Option `unicode' set `true' on input line 4393.

("C:\Users\lenovo\AppData\Local\Programs\MiKTeX 2.9\tex/latex/hyperref\puenc.de
f"
File: puenc.def 2018/11/30 v6.88e Hyperref: PDF Unicode definition (HO)
)
Package hyperref Info: Option `bookmarksnumbered' set `true' on input line 4393
.
Package hyperref Info: Option `colorlinks' set `true' on input line 4393.
Package hyperref Info: Option `plainpages' set `false' on input line 4393.
Package hyperref Info: Hyper figures OFF on input line 4519.
Package hyperref Info: Link nesting OFF on input line 4524.
Package hyperref Info: Hyper index ON on input line 4527.
Package hyperref Info: Plain pages OFF on input line 4534.
Package hyperref Info: Backreferencing OFF on input line 4539.
Package hyperref Info: Implicit mode ON; LaTeX internals redefined.
Package hyperref Info: Bookmarks ON on input line 4772.
\c@Hy@tempcnt=\count448
LaTeX Info: Redefining \url on input line 5125.
\XeTeXLinkMargin=\dimen295
\Fld@menulength=\count449
\Field@Width=\dimen296
\Fld@charsize=\dimen297
Package hyperref Info: Hyper figures OFF on input line 6380.
Package hyperref Info: Link nesting OFF on input line 6385.
Package hyperref Info: Hyper index ON on input line 6388.
Package hyperref Info: backreferencing OFF on input line 6395.
Package hyperref Info: Link coloring ON on input line 6398.
Package hyperref Info: Link coloring with OCG OFF on input line 6405.
Package hyperref Info: PDF/A mode OFF on input line 6410.
LaTeX Info: Redefining \ref on input line 6450.
LaTeX Info: Redefining \pageref on input line 6454.
\Hy@abspage=\count450
\c@Item=\count451
\c@Hfootnote=\count452
)
Package hyperref Info: Driver: hxetex.

("C:\Users\lenovo\AppData\Local\Programs\MiKTeX 2.9\tex/latex/hyperref\hxetex.d
ef"
File: hxetex.def 2018/11/30 v6.88e Hyperref driver for XeTeX

("C:\Users\lenovo\AppData\Local\Programs\MiKTeX 2.9\tex/generic/oberdiek\string
enc.sty"
Package: stringenc 2016/05/16 v1.11 Convert strings between diff. encodings (HO
)
)
\pdfm@box=\box88
\c@Hy@AnnotLevel=\count453
\HyField@AnnotCount=\count454
\Fld@listcount=\count455
\c@bookmark@seq@number=\count456

("C:\Users\lenovo\AppData\Local\Programs\MiKTeX 2.9\tex/latex/oberdiek\rerunfil
echeck.sty"
Package: rerunfilecheck 2016/05/16 v1.8 Rerun checks for auxiliary files (HO)
Package uniquecounter Info: New unique counter `rerunfilecheck' on input line 2
82.
)
\Hy@SectionHShift=\skip121
)
("C:\Users\lenovo\AppData\Local\Programs\MiKTeX 2.9\tex/latex/tools\longtable.s
ty"
Package: longtable 2014/10/28 v4.11 Multi-page Table package (DPC)
\LTleft=\skip122
\LTright=\skip123
\LTpre=\skip124
\LTpost=\skip125
\LTchunksize=\count457
\LTcapwidth=\dimen298
\LT@head=\box89
\LT@firsthead=\box90
\LT@foot=\box91
\LT@lastfoot=\box92
\LT@cols=\count458
\LT@rows=\count459
\c@LT@tables=\count460
\c@LT@chunks=\count461
\LT@p@ftn=\toks35
)
("C:\Users\lenovo\AppData\Local\Programs\MiKTeX 2.9\tex/latex/footmisc\footmisc
.sty"
Package: footmisc 2011/06/06 v5.5b a miscellany of footnote facilities
\FN@temptoken=\toks36
\footnotemargin=\dimen299
\c@pp@next@reset=\count462
\c@@fnserial=\count463
Package footmisc Info: Declaring symbol style bringhurst on input line 855.
Package footmisc Info: Declaring symbol style chicago on input line 863.
Package footmisc Info: Declaring symbol style wiley on input line 872.
Package footmisc Info: Declaring symbol style lamport-robust on input line 883.

Package footmisc Info: Declaring symbol style lamport* on input line 903.
Package footmisc Info: Declaring symbol style lamport*-robust on input line 924
.
)
("C:\Users\lenovo\AppData\Local\Programs\MiKTeX 2.9\tex/latex/enumitem\enumitem
.sty"
Package: enumitem 2019/02/04 v3.8 Customized lists
\labelindent=\skip126
\enit@outerparindent=\dimen300
\enit@toks=\toks37
\enit@inbox=\box93
\enit@count@id=\count464
\enitdp@description=\count465
)
("C:\Users\lenovo\AppData\Local\Programs\MiKTeX 2.9\tex/latex/pdfpages\pdfpages
.sty"
Package: pdfpages 2017/10/31 v0.5l Insert pages of external PDF documents (AM)

("C:\Users\lenovo\AppData\Local\Programs\MiKTeX 2.9\tex/latex/eso-pic\eso-pic.s
ty"
Package: eso-pic 2018/04/12 v2.0h eso-pic (RN)
)
\AM@pagewidth=\dimen301
\AM@pageheight=\dimen302

("C:\Users\lenovo\AppData\Local\Programs\MiKTeX 2.9\tex/latex/pdfpages\ppxetex.
def"
File: ppxetex.def 2017/10/31 v0.5l Pdfpages driver for XeTeX (AM)
)
\AM@pagebox=\box94
\AM@global@opts=\toks38
\AM@toc@title=\toks39
\c@AM@survey=\count466
\AM@templatesizebox=\box95
)
("C:\Users\lenovo\AppData\Local\Programs\MiKTeX 2.9\tex/latex/algorithms\algori
thm.sty"
Invalid UTF-8 byte or sequence at line 11 replaced by U+FFFD.
Package: algorithm 2009/08/24 v0.1 Document Style `algorithm' - floating enviro
nment
("C:\Users\lenovo\AppData\Local\Programs\MiKTeX 2.9\tex/latex/float\float.sty"
Package: float 2001/11/08 v1.3d Float enhancements (AL)
\c@float@type=\count467
\float@exts=\toks40
\float@box=\box96
\@float@everytoks=\toks41
\@floatcapt=\box97
)
\@float@every@algorithm=\toks42
\c@algorithm=\count468
)
("C:\Users\lenovo\AppData\Local\Programs\MiKTeX 2.9\tex/latex/algorithmicx\algp
seudocode.sty"
Package: algpseudocode 

("C:\Users\lenovo\AppData\Local\Programs\MiKTeX 2.9\tex/latex/algorithmicx\algo
rithmicx.sty"
Package: algorithmicx 2005/04/27 v1.2 Algorithmicx
Document Style algorithmicx 1.2 - a greatly improved `algorithmic' style
\c@ALG@line=\count469
\c@ALG@rem=\count470
\c@ALG@nested=\count471
\ALG@tlm=\skip127
\ALG@thistlm=\skip128
\c@ALG@Lnr=\count472
\c@ALG@blocknr=\count473
\c@ALG@storecount=\count474
\c@ALG@tmpcounter=\count475
\ALG@tmplength=\skip129
)
Document Style - pseudocode environments for use with the `algorithmicx' style
)

Package ctex Warning: Command \CTEXoptions is deprecated.
(ctex)                \ctexset { contentsname={\sjtu@contentsname } } is set.


Package ctex Warning: Command \CTEXoptions is deprecated.
(ctex)                \ctexset { listfigurename={\sjtu@listfigurename } } is
(ctex)                set.


Package ctex Warning: Command \CTEXoptions is deprecated.
(ctex)                \ctexset { listtablename={\sjtu@listtablename } } is
(ctex)                set.


Package ctex Warning: Command \CTEXsetup is deprecated.
(ctex)                \ctexset { chapter = { nameformat={\Large \bfseries } }
(ctex)                } is set.


Package ctex Warning: Command \CTEXsetup is deprecated.
(ctex)                \ctexset { chapter = { titleformat={\Large \bfseries } }
(ctex)                } is set.


Package ctex Warning: Command \CTEXsetup is deprecated.
(ctex)                \ctexset { chapter = { beforeskip={15\p@ } } } is set.


Package ctex Warning: Command \CTEXsetup is deprecated.
(ctex)                \ctexset { chapter = { afterskip={12\p@ } } } is set.


Package ctex Warning: Command \CTEXsetup is deprecated.
(ctex)                \ctexset { section = { format={\large \bfseries } } } is
(ctex)                set.


Package ctex Warning: Command \CTEXsetup is deprecated.
(ctex)                \ctexset { subsection = { format={\bfseries \normalsize
(ctex)                } } } is set.


Package ctex Warning: Command \CTEXsetup is deprecated.
(ctex)                \ctexset { subsection = { indent={0\ccwd } } } is set.


Package ctex Warning: Command \CTEXsetup is deprecated.
(ctex)                \ctexset { subsubsection = { format={\normalfont
(ctex)                \normalsize } } } is set.


Package ctex Warning: Command \CTEXsetup is deprecated.
(ctex)                \ctexset { subsubsection = { indent={0\ccwd } } } is
(ctex)                set.

\c@algo=\count476
\c@thm=\count477
\c@defn=\count478
\c@conj=\count479
\c@exmp=\count480
\c@rem=\count481
\c@case=\count482
) (sjtuthesis.cfg
File: sjtuthesis.cfg 2015/05/01 v0.8 sjtuthesis configuration file
) (thesisfonts_external.sty
Package: thesisfonts_external 2015/12/14 thesisfonts_external Package

Package fontspec Info: Font family 'texgyretermes(0)' created for font
(fontspec)             'texgyretermes' with options [Path = fonts/,Extension =
(fontspec)             .otf,Ligatures=TeX,UprightFont = *-regular,BoldFont =
(fontspec)             *-bold,ItalicFont = *-italic,BoldItalicFont =
(fontspec)             *-bolditalic].
(fontspec)              
(fontspec)              This font family consists of the following NFSS
(fontspec)             series/shapes:
(fontspec)              
(fontspec)             - 'normal' (m/n) with NFSS spec.:
(fontspec)             <->"[fonts/texgyretermes-regular.otf]/OT:script=latn;lan
guage=DFLT;mapping=tex-text;"
(fontspec)             - 'small caps'  (m/sc) with NFSS spec.:
(fontspec)             <->"[fonts/texgyretermes-regular.otf]/OT:script=latn;lan
guage=DFLT;+smcp;mapping=tex-text;"
(fontspec)             - 'bold' (bx/n) with NFSS spec.:
(fontspec)             <->"[fonts/texgyretermes-bold.otf]/OT:script=latn;langua
ge=DFLT;mapping=tex-text;"
(fontspec)             - 'bold small caps'  (bx/sc) with NFSS spec.:
(fontspec)             <->"[fonts/texgyretermes-bold.otf]/OT:script=latn;langua
ge=DFLT;+smcp;mapping=tex-text;"
(fontspec)             - 'italic' (m/it) with NFSS spec.:
(fontspec)             <->"[fonts/texgyretermes-italic.otf]/OT:script=latn;lang
uage=DFLT;mapping=tex-text;"
(fontspec)             - 'italic small caps'  (m/itsc) with NFSS spec.:
(fontspec)             <->"[fonts/texgyretermes-italic.otf]/OT:script=latn;lang
uage=DFLT;+smcp;mapping=tex-text;"
(fontspec)             - 'bold italic' (bx/it) with NFSS spec.:
(fontspec)             <->"[fonts/texgyretermes-bolditalic.otf]/OT:script=latn;
language=DFLT;mapping=tex-text;"
(fontspec)             - 'bold italic small caps'  (bx/itsc) with NFSS spec.:
(fontspec)             <->"[fonts/texgyretermes-bolditalic.otf]/OT:script=latn;
language=DFLT;+smcp;mapping=tex-text;"

LaTeX Info: Redefining \rmfamily on input line 21.

Package fontspec Info: Font family 'AdobeSongStd-Light(0)' created for font
(fontspec)             'AdobeSongStd-Light' with options [Path =
(fontspec)             fonts/,Extension =
(fontspec)             .otf,Script={CJK},SmallCapsFont={AdobeHeitiStd-Regular},
BoldFont={AdobeHeitiStd-Regular},ItalicFont={AdobeKaitiStd-Regular}].
(fontspec)              
(fontspec)              This font family consists of the following NFSS
(fontspec)             series/shapes:
(fontspec)              
(fontspec)             - 'normal' (m/n) with NFSS spec.:
(fontspec)             <->"[fonts/AdobeSongStd-Light.otf]/OT:script=hani;langua
ge=DFLT;"
(fontspec)             - 'small caps'  (m/sc) with NFSS spec.:
(fontspec)             <->"[fonts/AdobeHeitiStd-Regular.otf]/OT:script=hani;lan
guage=DFLT;"
(fontspec)             - 'bold' (bx/n) with NFSS spec.:
(fontspec)             <->"[fonts/AdobeHeitiStd-Regular.otf]/OT:script=hani;lan
guage=DFLT;"
(fontspec)             - 'bold small caps'  (bx/sc) with NFSS spec.:
(fontspec)             <->"[fonts/AdobeHeitiStd-Regular.otf]/OT:script=hani;lan
guage=DFLT;"
(fontspec)             - 'italic' (m/it) with NFSS spec.:
(fontspec)             <->"[fonts/AdobeKaitiStd-Regular.otf]/OT:script=hani;lan
guage=DFLT;"
(fontspec)             - 'italic small caps'  (m/itsc) with NFSS spec.:
(fontspec)             <->"[fonts/AdobeHeitiStd-Regular.otf]/OT:script=hani;lan
guage=DFLT;"

) ("C:\Users\lenovo\AppData\Local\Programs\MiKTeX 2.9\tex/latex/base\textcomp.s
ty"
Package: textcomp 2018/08/11 v2.0j Standard LaTeX package
Package textcomp Info: Sub-encoding information:
(textcomp)               5 = only ISO-Adobe without \textcurrency
(textcomp)               4 = 5 + \texteuro
(textcomp)               3 = 4 + \textohm
(textcomp)               2 = 3 + \textestimated + \textcurrency
(textcomp)               1 = TS1 - \textcircled - \t
(textcomp)               0 = TS1 (full)
(textcomp)             Font families with sub-encoding setting implement
(textcomp)             only a restricted character set as indicated.
(textcomp)             Family '?' is the default used for unknown fonts.
(textcomp)             See the documentation for details.
Package textcomp Info: Setting ? sub-encoding to TS1/1 on input line 79.
("C:\Users\lenovo\AppData\Local\Programs\MiKTeX 2.9\tex/latex/base\ts1enc.def"
File: ts1enc.def 2001/06/05 v3.0e (jk/car/fm) Standard LaTeX file
LaTeX Font Info:    Redeclaring font encoding TS1 on input line 47.
)
LaTeX Info: Redefining \oldstylenums on input line 334.
Package textcomp Info: Setting cmr sub-encoding to TS1/0 on input line 349.
Package textcomp Info: Setting cmss sub-encoding to TS1/0 on input line 350.
Package textcomp Info: Setting cmtt sub-encoding to TS1/0 on input line 351.
Package textcomp Info: Setting cmvtt sub-encoding to TS1/0 on input line 352.
Package textcomp Info: Setting cmbr sub-encoding to TS1/0 on input line 353.
Package textcomp Info: Setting cmtl sub-encoding to TS1/0 on input line 354.
Package textcomp Info: Setting ccr sub-encoding to TS1/0 on input line 355.
Package textcomp Info: Setting ptm sub-encoding to TS1/4 on input line 356.
Package textcomp Info: Setting pcr sub-encoding to TS1/4 on input line 357.
Package textcomp Info: Setting phv sub-encoding to TS1/4 on input line 358.
Package textcomp Info: Setting ppl sub-encoding to TS1/3 on input line 359.
Package textcomp Info: Setting pag sub-encoding to TS1/4 on input line 360.
Package textcomp Info: Setting pbk sub-encoding to TS1/4 on input line 361.
Package textcomp Info: Setting pnc sub-encoding to TS1/4 on input line 362.
Package textcomp Info: Setting pzc sub-encoding to TS1/4 on input line 363.
Package textcomp Info: Setting bch sub-encoding to TS1/4 on input line 364.
Package textcomp Info: Setting put sub-encoding to TS1/5 on input line 365.
Package textcomp Info: Setting uag sub-encoding to TS1/5 on input line 366.
Package textcomp Info: Setting ugq sub-encoding to TS1/5 on input line 367.
Package textcomp Info: Setting ul8 sub-encoding to TS1/4 on input line 368.
Package textcomp Info: Setting ul9 sub-encoding to TS1/4 on input line 369.
Package textcomp Info: Setting augie sub-encoding to TS1/5 on input line 370.
Package textcomp Info: Setting dayrom sub-encoding to TS1/3 on input line 371.
Package textcomp Info: Setting dayroms sub-encoding to TS1/3 on input line 372.

Package textcomp Info: Setting pxr sub-encoding to TS1/0 on input line 373.
Package textcomp Info: Setting pxss sub-encoding to TS1/0 on input line 374.
Package textcomp Info: Setting pxtt sub-encoding to TS1/0 on input line 375.
Package textcomp Info: Setting txr sub-encoding to TS1/0 on input line 376.
Package textcomp Info: Setting txss sub-encoding to TS1/0 on input line 377.
Package textcomp Info: Setting txtt sub-encoding to TS1/0 on input line 378.
Package textcomp Info: Setting lmr sub-encoding to TS1/0 on input line 379.
Package textcomp Info: Setting lmdh sub-encoding to TS1/0 on input line 380.
Package textcomp Info: Setting lmss sub-encoding to TS1/0 on input line 381.
Package textcomp Info: Setting lmssq sub-encoding to TS1/0 on input line 382.
Package textcomp Info: Setting lmvtt sub-encoding to TS1/0 on input line 383.
Package textcomp Info: Setting lmtt sub-encoding to TS1/0 on input line 384.
Package textcomp Info: Setting qhv sub-encoding to TS1/0 on input line 385.
Package textcomp Info: Setting qag sub-encoding to TS1/0 on input line 386.
Package textcomp Info: Setting qbk sub-encoding to TS1/0 on input line 387.
Package textcomp Info: Setting qcr sub-encoding to TS1/0 on input line 388.
Package textcomp Info: Setting qcs sub-encoding to TS1/0 on input line 389.
Package textcomp Info: Setting qpl sub-encoding to TS1/0 on input line 390.
Package textcomp Info: Setting qtm sub-encoding to TS1/0 on input line 391.
Package textcomp Info: Setting qzc sub-encoding to TS1/0 on input line 392.
Package textcomp Info: Setting qhvc sub-encoding to TS1/0 on input line 393.
Package textcomp Info: Setting futs sub-encoding to TS1/4 on input line 394.
Package textcomp Info: Setting futx sub-encoding to TS1/4 on input line 395.
Package textcomp Info: Setting futj sub-encoding to TS1/4 on input line 396.
Package textcomp Info: Setting hlh sub-encoding to TS1/3 on input line 397.
Package textcomp Info: Setting hls sub-encoding to TS1/3 on input line 398.
Package textcomp Info: Setting hlst sub-encoding to TS1/3 on input line 399.
Package textcomp Info: Setting hlct sub-encoding to TS1/5 on input line 400.
Package textcomp Info: Setting hlx sub-encoding to TS1/5 on input line 401.
Package textcomp Info: Setting hlce sub-encoding to TS1/5 on input line 402.
Package textcomp Info: Setting hlcn sub-encoding to TS1/5 on input line 403.
Package textcomp Info: Setting hlcw sub-encoding to TS1/5 on input line 404.
Package textcomp Info: Setting hlcf sub-encoding to TS1/5 on input line 405.
Package textcomp Info: Setting pplx sub-encoding to TS1/3 on input line 406.
Package textcomp Info: Setting pplj sub-encoding to TS1/3 on input line 407.
Package textcomp Info: Setting ptmx sub-encoding to TS1/4 on input line 408.
Package textcomp Info: Setting ptmj sub-encoding to TS1/4 on input line 409.
)
("C:\Users\lenovo\AppData\Local\Programs\MiKTeX 2.9\tex/latex/graphics\epsfig.s
ty"
Package: epsfig 2017/06/25 v1.7b (e)psfig emulation (SPQR)
\epsfxsize=\dimen303
\epsfysize=\dimen304
)
("C:\Users\lenovo\AppData\Local\Programs\MiKTeX 2.9\tex/latex/oberdiek\epstopdf
.sty"
Package: epstopdf 2016/05/15 v2.6 Conversion with epstopdf on the fly (HO)

("C:\Users\lenovo\AppData\Local\Programs\MiKTeX 2.9\tex/latex/oberdiek\epstopdf
-base.sty"
Package: epstopdf-base 2016/05/15 v2.6 Base part for package epstopdf

("C:\Users\lenovo\AppData\Local\Programs\MiKTeX 2.9\tex/latex/oberdiek\grfext.s
ty"
Package: grfext 2016/05/16 v1.2 Manage graphics extensions (HO)
)

Package epstopdf Warning: Drivers other than `pdftex' and `luatex' are not supp
orted.

))
Package biblatex Info: Trying to load language 'english'...
Package biblatex Info: ... file 'english.lbx' found.

("C:\Users\lenovo\AppData\Local\Programs\MiKTeX 2.9\tex/latex/biblatex/lbx\engl
ish.lbx"
File: english.lbx 2018/11/02 v3.12 biblatex localization (PK/MW)
)
\@quotelevel=\count483
\@quotereset=\count484

Package biblatex Warning: Conflicting options.
(biblatex)                'date=iso' requires 'seconds=true'.
(biblatex)                Setting 'seconds=true' on input line 53.


("C:\Users\lenovo\AppData\Local\Programs\MiKTeX 2.9\tex/xelatex/xecjk\xeCJK-lis
tings.sty"
Package: xeCJK-listings 2018/04/30 v3.7.1 xeCJK patch file for listings
\l__xeCJK_listings_max_char_int=\count485
\l__xeCJK_listings_flag_int=\count486
) (thesis.aux (tex/id.aux) (tex/abstract.aux) (tex/symbol.aux) (tex/intro0.aux)
(tex/intro.aux) (tex/intro2.aux) (tex/kws.aux) (tex/gpuwfst.aux) (tex/psd.aux) 
(tex/unified.aux) (tex/summary.aux) (tex/pub.aux) (tex/patents.aux) (tex/ack.au
x))
\openout1 = `thesis.aux'.

LaTeX Font Info:    Checking defaults for OML/cmm/m/it on input line 53.
LaTeX Font Info:    ... okay on input line 53.
LaTeX Font Info:    Checking defaults for T1/cmr/m/n on input line 53.
LaTeX Font Info:    ... okay on input line 53.
LaTeX Font Info:    Checking defaults for OT1/cmr/m/n on input line 53.
LaTeX Font Info:    ... okay on input line 53.
LaTeX Font Info:    Checking defaults for OMS/cmsy/m/n on input line 53.
LaTeX Font Info:    ... okay on input line 53.
LaTeX Font Info:    Checking defaults for TU/lmr/m/n on input line 53.
LaTeX Font Info:    ... okay on input line 53.
LaTeX Font Info:    Checking defaults for OMX/cmex/m/n on input line 53.
LaTeX Font Info:    ... okay on input line 53.
LaTeX Font Info:    Checking defaults for U/cmr/m/n on input line 53.
LaTeX Font Info:    ... okay on input line 53.
LaTeX Font Info:    Checking defaults for TS1/cmr/m/n on input line 53.
LaTeX Font Info:    ... okay on input line 53.
LaTeX Font Info:    Checking defaults for PD1/pdf/m/n on input line 53.
LaTeX Font Info:    ... okay on input line 53.
LaTeX Font Info:    Checking defaults for PU/pdf/m/n on input line 53.
LaTeX Font Info:    ... okay on input line 53.
ABD: EverySelectfont initializing macros
LaTeX Info: Redefining \selectfont on input line 53.

Package fontspec Info: Adjusting the maths setup (use [no-math] to avoid
(fontspec)             this).

\symlegacymaths=\mathgroup12
LaTeX Font Info:    Overwriting symbol font `legacymaths' in version `bold'
(Font)                  OT1/cmr/m/n --> OT1/cmr/bx/n on input line 53.
LaTeX Font Info:    Redeclaring math accent \acute on input line 53.
LaTeX Font Info:    Redeclaring math accent \grave on input line 53.
LaTeX Font Info:    Redeclaring math accent \ddot on input line 53.
LaTeX Font Info:    Redeclaring math accent \tilde on input line 53.
LaTeX Font Info:    Redeclaring math accent \bar on input line 53.
LaTeX Font Info:    Redeclaring math accent \breve on input line 53.
LaTeX Font Info:    Redeclaring math accent \check on input line 53.
LaTeX Font Info:    Redeclaring math accent \hat on input line 53.
LaTeX Font Info:    Redeclaring math accent \dot on input line 53.
LaTeX Font Info:    Redeclaring math accent \mathring on input line 53.
LaTeX Font Info:    Redeclaring math symbol \Gamma on input line 53.
LaTeX Font Info:    Redeclaring math symbol \Delta on input line 53.
LaTeX Font Info:    Redeclaring math symbol \Theta on input line 53.
LaTeX Font Info:    Redeclaring math symbol \Lambda on input line 53.
LaTeX Font Info:    Redeclaring math symbol \Xi on input line 53.
LaTeX Font Info:    Redeclaring math symbol \Pi on input line 53.
LaTeX Font Info:    Redeclaring math symbol \Sigma on input line 53.
LaTeX Font Info:    Redeclaring math symbol \Upsilon on input line 53.
LaTeX Font Info:    Redeclaring math symbol \Phi on input line 53.
LaTeX Font Info:    Redeclaring math symbol \Psi on input line 53.
LaTeX Font Info:    Redeclaring math symbol \Omega on input line 53.
LaTeX Font Info:    Redeclaring math symbol \mathdollar on input line 53.
LaTeX Font Info:    Redeclaring symbol font `operators' on input line 53.
LaTeX Font Info:    Encoding `OT1' has changed to `TU' for symbol font
(Font)              `operators' in the math version `normal' on input line 53.
LaTeX Font Info:    Overwriting symbol font `operators' in version `normal'
(Font)                  OT1/cmr/m/n --> TU/texgyretermes(0)/m/n on input line 5
3.
LaTeX Font Info:    Encoding `OT1' has changed to `TU' for symbol font
(Font)              `operators' in the math version `bold' on input line 53.
LaTeX Font Info:    Overwriting symbol font `operators' in version `bold'
(Font)                  OT1/cmr/bx/n --> TU/texgyretermes(0)/m/n on input line 
53.
LaTeX Font Info:    Overwriting symbol font `operators' in version `normal'
(Font)                  TU/texgyretermes(0)/m/n --> TU/texgyretermes(0)/m/n on 
input line 53.
LaTeX Font Info:    Overwriting math alphabet `\mathit' in version `normal'
(Font)                  OT1/cmr/m/it --> TU/texgyretermes(0)/m/it on input line
 53.
LaTeX Font Info:    Overwriting math alphabet `\mathbf' in version `normal'
(Font)                  OT1/cmr/bx/n --> TU/texgyretermes(0)/bx/n on input line
 53.
LaTeX Font Info:    Overwriting math alphabet `\mathsf' in version `normal'
(Font)                  OT1/cmss/m/n --> TU/lmss/m/n on input line 53.
LaTeX Font Info:    Overwriting math alphabet `\mathtt' in version `normal'
(Font)                  OT1/cmtt/m/n --> TU/lmtt/m/n on input line 53.
LaTeX Font Info:    Overwriting symbol font `operators' in version `bold'
(Font)                  TU/texgyretermes(0)/m/n --> TU/texgyretermes(0)/bx/n on
 input line 53.
LaTeX Font Info:    Overwriting math alphabet `\mathit' in version `bold'
(Font)                  OT1/cmr/bx/it --> TU/texgyretermes(0)/bx/it on input li
ne 53.
LaTeX Font Info:    Overwriting math alphabet `\mathsf' in version `bold'
(Font)                  OT1/cmss/bx/n --> TU/lmss/bx/n on input line 53.
LaTeX Font Info:    Overwriting math alphabet `\mathtt' in version `bold'
(Font)                  OT1/cmtt/m/n --> TU/lmtt/bx/n on input line 53.
*geometry* detected driver: pdftex
*geometry* verbose mode - [ preamble ] result:
* driver: pdftex
* paper: a4paper
* layout: <same size as paper>
* layoutoffset:(h,v)=(0.0pt,0.0pt)
* hratio: 1:1
* vratio: 1:1
* modes: twoside 
* h-part:(L,W,R)=(71.1319pt, 455.24408pt, 71.1319pt)
* v-part:(T,H,B)=(109.5431pt, 625.96062pt, 109.54312pt)
* \paperwidth=597.50787pt
* \paperheight=845.04684pt
* \textwidth=455.24408pt
* \textheight=625.96062pt
* \oddsidemargin=-1.13809pt
* \evensidemargin=-1.13809pt
* \topmargin=5.39932pt
* \headheight=12.0pt
* \headsep=19.8738pt
* \topskip=12.0pt
* \footskip=30.0pt
* \marginparwidth=96.0pt
* \marginparsep=7.0pt
* \columnsep=10.0pt
* \skip\footins=10.8pt plus 4.0pt minus 2.0pt
* \hoffset=0.0pt
* \voffset=0.0pt
* \mag=1000
* \@twocolumnfalse
* \@twosidetrue
* \@mparswitchtrue
* \@reversemargintrue
* (1in=72.27pt=25.4mm, 1cm=28.453pt)

Package lastpage Info: Please have a look at the pageslts package at
(lastpage)             https://www.ctan.org/pkg/pageslts
(lastpage)             ! on input line 53.
Package biblatex Info: Input encoding 'UTF-8' specified.
Package biblatex Info: Data encoding 'utf8' specified.
(biblatex)             Backend will reencode on the fly.
\openout3 = `thesis.bcf'.

Package biblatex Info: Trying to load bibliographic data...
Package biblatex Info: ... file 'thesis.bbl' found.
(thesis.bbl)
Package biblatex Info: Reference section=0 on input line 53.
Package biblatex Info: Reference segment=0 on input line 53.
\c@lstlisting=\count487
\AtBeginShipoutBox=\box98
Package hyperref Info: Link coloring ON on input line 53.

("C:\Users\lenovo\AppData\Local\Programs\MiKTeX 2.9\tex/latex/hyperref\nameref.
sty"
Package: nameref 2016/05/21 v2.44 Cross-referencing by name of section

("C:\Users\lenovo\AppData\Local\Programs\MiKTeX 2.9\tex/generic/oberdiek\gettit
lestring.sty"
Package: gettitlestring 2016/05/16 v1.5 Cleanup title references (HO)
)
\c@section@level=\count488
)
LaTeX Info: Redefining \ref on input line 53.
LaTeX Info: Redefining \pageref on input line 53.
LaTeX Info: Redefining \nameref on input line 53.
(thesis.out) (thesis.out)
\@outlinefile=\write4
\openout4 = `thesis.out'.


("C:\Users\lenovo\AppData\Local\Programs\MiKTeX 2.9\tex/latex/oberdiek\pdflscap
e.sty"
Package: pdflscape 2016/05/14 v0.11 Display of landscape pages in PDF (HO)

("C:\Users\lenovo\AppData\Local\Programs\MiKTeX 2.9\tex/latex/graphics\lscape.s
ty"
Package: lscape 2000/10/22 v3.01 Landscape Pages (DPC)
)
Package pdflscape Info: Auto-detected driver: dvipdfm (xetex) on input line 99.

)
\openout2 = `tex/id.aux'.

(tex/id.tex)

Package fontspec Info: Font family 'AdobeSongStd-Light(1)' created for font
(fontspec)             'AdobeSongStd-Light' with options [Path =
(fontspec)             fonts/,Extension = .otf,Script={CJK}].
(fontspec)              
(fontspec)              This font family consists of the following NFSS
(fontspec)             series/shapes:
(fontspec)              
(fontspec)             - 'normal' (m/n) with NFSS spec.:
(fontspec)             <->"[fonts/AdobeSongStd-Light.otf]/OT:script=hani;langua
ge=DFLT;"
(fontspec)             - 'small caps'  (m/sc) with NFSS spec.: 


Package fontspec Info: Font family 'AdobeHeitiStd-Regular(0)' created for font
(fontspec)             'AdobeHeitiStd-Regular' with options [Path =
(fontspec)             fonts/,Extension = .otf,Script={CJK}].
(fontspec)              
(fontspec)              This font family consists of the following NFSS
(fontspec)             series/shapes:
(fontspec)              
(fontspec)             - 'normal' (m/n) with NFSS spec.:
(fontspec)             <->"[fonts/AdobeHeitiStd-Regular.otf]/OT:script=hani;lan
guage=DFLT;"
(fontspec)             - 'small caps'  (m/sc) with NFSS spec.: 


Package fontspec Info: Font family 'AdobeFangsongStd-Regular(0)' created for
(fontspec)             font 'AdobeFangsongStd-Regular' with options [Path =
(fontspec)             fonts/,Extension = .otf,Script={CJK}].
(fontspec)              
(fontspec)              This font family consists of the following NFSS
(fontspec)             series/shapes:
(fontspec)              
(fontspec)             - 'normal' (m/n) with NFSS spec.:
(fontspec)             <->"[fonts/AdobeFangsongStd-Regular.otf]/OT:script=hani;
language=DFLT;"
(fontspec)             - 'small caps'  (m/sc) with NFSS spec.: 

LaTeX Font Info:    Try loading font information for U+msa on input line 58.
("C:\Users\lenovo\AppData\Local\Programs\MiKTeX 2.9\tex/latex/amsfonts\umsa.fd"
File: umsa.fd 2013/01/14 v3.01 AMS symbols A
)
LaTeX Font Info:    Try loading font information for U+msb on input line 58.
("C:\Users\lenovo\AppData\Local\Programs\MiKTeX 2.9\tex/latex/amsfonts\umsb.fd"
File: umsb.fd 2013/01/14 v3.01 AMS symbols B
)
LaTeX Font Info:    Try loading font information for U+rsfs on input line 58.
("C:\Users\lenovo\AppData\Local\Programs\MiKTeX 2.9\tex/latex/jknappen\ursfs.fd
"
File: ursfs.fd 1998/03/24 rsfs font definition file (jk)
)
LaTeX Font Info:    Try loading font information for U+wasy on input line 58.
("C:\Users\lenovo\AppData\Local\Programs\MiKTeX 2.9\tex/latex/wasysym\uwasy.fd"
File: uwasy.fd 2003/10/30 v2.0 Wasy-2 symbol font definitions
) [1


\FN@pp@footnotehinttrue 


] [2

] [3

] [4

]
File: pdf/original.pdf Graphic file (type pdf)
<use pdf/original.pdf>
File: pdf/original.pdf Graphic file (type pdf)
<use pdf/original.pdf>
File: pdf/original.pdf Graphic file (type pdf)
<use pdf/original.pdf, page 1>
File: pdf/original.pdf Graphic file (type pdf)
<use pdf/original.pdf, page 1>
File: pdf/original.pdf Graphic file (type pdf)
<use pdf/original.pdf, page 1>
File: pdf/original.pdf Graphic file (type pdf)
<use pdf/original.pdf, page 1>
File: pdf/original.pdf Graphic file (type pdf)
<use pdf/original.pdf, page 1>
[5]
LaTeX Font Info:    Font shape `TU/texgyretermes(0)/m/sl' in size <12.045> not 
available
(Font)              Font shape `TU/texgyretermes(0)/m/it' tried instead on inpu
t line 65.
[6]
File: pdf/authorization.pdf Graphic file (type pdf)
<use pdf/authorization.pdf>
File: pdf/authorization.pdf Graphic file (type pdf)
<use pdf/authorization.pdf>
File: pdf/authorization.pdf Graphic file (type pdf)
<use pdf/authorization.pdf, page 1>
File: pdf/authorization.pdf Graphic file (type pdf)
<use pdf/authorization.pdf, page 1>
File: pdf/authorization.pdf Graphic file (type pdf)
<use pdf/authorization.pdf, page 1>
File: pdf/authorization.pdf Graphic file (type pdf)
<use pdf/authorization.pdf, page 1>
File: pdf/authorization.pdf Graphic file (type pdf)
<use pdf/authorization.pdf, page 1>
[7

] [8

]
\openout2 = `tex/abstract.aux'.

(tex/abstract.tex

Package fontspec Info: Font family 'AdobeKaitiStd-Regular(0)' created for font
(fontspec)             'AdobeKaitiStd-Regular' with options [Path =
(fontspec)             fonts/,Extension = .otf,Script={CJK}].
(fontspec)              
(fontspec)              This font family consists of the following NFSS
(fontspec)             series/shapes:
(fontspec)              
(fontspec)             - 'normal' (m/n) with NFSS spec.:
(fontspec)             <->"[fonts/AdobeKaitiStd-Regular.otf]/OT:script=hani;lan
guage=DFLT;"
(fontspec)             - 'small caps'  (m/sc) with NFSS spec.: 

[1



] [2]) [3

] [4


] (thesis.toc [5] [6] [7])
\tf@toc=\write5
\openout5 = `thesis.toc'.

[8] (thesis.lof [9

])
\tf@lof=\write6
\openout6 = `thesis.lof'.

[10] (thesis.lot)
\tf@lot=\write7
\openout7 = `thesis.lot'.

[11

] [12]
\openout2 = `tex/symbol.aux'.

(tex/symbol.tex

LaTeX Font Warning: Font shape `U/wasy/b/n' in size <8> not available
(Font)              Font shape `U/wasy/m/n' tried instead on input line 19.


LaTeX Font Warning: Font shape `U/wasy/b/n' in size <6> not available
(Font)              Font shape `U/wasy/m/n' tried instead on input line 19.

[13


]) [14]
\openout2 = `tex/intro0.aux'.

(tex/intro0.tex

[1




]
File: figure/WER.png Graphic file (type bmp)
<figure/WER.png>

Underfull \vbox (badness 3179) has occurred while \output is active []

[2]
Underfull \vbox (badness 2644) has occurred while \output is active []

[3]
File: figure/asr.png Graphic file (type bmp)
<figure/asr.png>
[4] [5]
Underfull \vbox (badness 10000) has occurred while \output is active []

[6] [7] [8] [9]) [10]
\openout2 = `tex/intro.aux'.

(tex/intro.tex

[11



] [12] [13]
File: figure/state.png Graphic file (type bmp)
<figure/state.png>
[14]
File: figure/hmm.pdf Graphic file (type pdf)
<use figure/hmm.pdf>

Overfull \hbox (1.67802pt too wide) in paragraph at lines 92--94
[]\TU/AdobeSongStd-Light(0)/m/n/12.045                     
         $[] \OT1/cmr/m/n/12.045 = [\OML/cmm/m/it/12.045 s[]; :::; s[]
\OT1/cmr/m/n/12.045 ][]$\TU/AdobeSongStd-Light(0)/m/n/12.045 |
 []

[15]
Missing character: There is no  in font [fonts/texgyretermes-regular.otf]/OT:s
cript=latn;language=DFLT;mapping=tex-text;!
[16] [17] [18] [19] [20]
File: figure/dnn.png Graphic file (type bmp)
<figure/dnn.png>
[21]
File: figure/activation.png Graphic file (type bmp)
<figure/activation.png>
[22]
File: figure/cnn.png Graphic file (type bmp)
<figure/cnn.png>

Underfull \vbox (badness 10000) has occurred while \output is active []

[23] [24] [25] [26] [27] [28]
File: figure/RBM.png Graphic file (type bmp)
<figure/RBM.png>
[29]
File: figure/dnn_hmm.png Graphic file (type bmp)
<figure/dnn_hmm.png>
[30] [31]
Underfull \vbox (badness 1360) has occurred while \output is active []

[32] [33]
File: figure/hmm-topo.png Graphic file (type bmp)
<figure/hmm-topo.png>
[34] [35] [36] [37]
File: figure/e2e-idea.png Graphic file (type bmp)
<figure/e2e-idea.png>
[38]
Underfull \vbox (badness 10000) has occurred while \output is active []

[39]) [40] [41]
\openout2 = `tex/intro2.aux'.

(tex/intro2.tex [42



]

[43] [44] [45] [46] [47]
Underfull \vbox (badness 7522) has occurred while \output is active []

[48]
File: figure/ug.png Graphic file (type bmp)
<figure/ug.png>
File: figure/bg.png Graphic file (type bmp)
<figure/bg.png>
File: figure/xwrdbg.png Graphic file (type bmp)
<figure/xwrdbg.png>
[49] [50]
File: figure/tg.png Graphic file (type bmp)
<figure/tg.png>

Underfull \vbox (badness 1038) has occurred while \output is active []

[51] [52] [53]
File: figure/dec_arch.png Graphic file (type bmp)
<figure/dec_arch.png>
[54] [55] [56] [57] [58]
Package hyperref Info: bookmark level for unknown algorithm defaults to 0 on in
put line 459.
Missing character: There is no  in font [fonts/texgyretermes-regular.otf]/OT:s
cript=latn;language=DFLT;mapping=tex-text;!
[59] [60]
File: figure/lattice.png Graphic file (type bmp)
<figure/lattice.png>
[61] [62] [63] [64] [65]) [66]
\openout2 = `tex/kws.aux'.

(tex/kws.tex

[67



] [68] [69] [70]
File: figure/filler-graph.png Graphic file (type bmp)
<figure/filler-graph.png>

LaTeX Font Warning: Font shape `U/rsfs/m/n' in size <10.53937> not available
(Font)              size <10.95> substituted on input line 199.


LaTeX Font Warning: Font shape `U/wasy/m/n' in size <10.53937> not available
(Font)              size <10.95> substituted on input line 199.

[71] [72] [73]
Overfull \hbox (3.00067pt too wide) in paragraph at lines 391--391
[]|\TU/texgyretermes(0)/m/n/12.045 0.6M|  
 []


Overfull \hbox (3.00067pt too wide) in paragraph at lines 391--391
[]|\TU/texgyretermes(0)/m/n/12.045 0.6M|  
 []


Overfull \hbox (3.00067pt too wide) in paragraph at lines 391--391
[]|\TU/texgyretermes(0)/m/n/12.045 0.5M|  
 []

[74] [75] [76]
File: figure/modules.pdf Graphic file (type pdf)
<use figure/modules.pdf>
[77] [78]
File: figure/sys-framework.png Graphic file (type bmp)
<figure/sys-framework.png>

Overfull \hbox (45.52718pt too wide) in paragraph at lines 535--537
 [][] 
 []

File: figure/joint-tr.pdf Graphic file (type pdf)
<use figure/joint-tr.pdf>
File: figure/tr-curve.pdf Graphic file (type pdf)
<use figure/tr-curve.pdf>
[79] [80] [81] [82]
File: figure/pit-example.pdf Graphic file (type pdf)
<use figure/pit-example.pdf>
[83] [84]) [85]
\openout2 = `tex/gpuwfst.aux'.

(tex/gpuwfst.tex [86



]

File: figure/gpu_framework.pdf Graphic file (type pdf)
<use figure/gpu_framework.pdf>
[87] [88] [89]
File: figure/load-balance.pdf Graphic file (type pdf)
<use figure/load-balance.pdf>

Overfull \hbox (45.52718pt too wide) in paragraph at lines 205--207
 [][] 
 []

[90] [91] [92] [93] [94] [95]
File: figure/gpu_analysis.pdf Graphic file (type pdf)
<use figure/gpu_analysis.pdf>
[96]
File: figure/gpu_profile.pdf Graphic file (type pdf)
<use figure/gpu_profile.pdf>
) [97]
\openout2 = `tex/psd.aux'.

(tex/psd.tex [98



]


Underfull \vbox (badness 1231) has occurred while \output is active []

[99]
File: figure/peaky_distribution.png Graphic file (type bmp)
<figure/peaky_distribution.png>
[100]
Underfull \vbox (badness 3713) has occurred while \output is active []

[101] [102] [103] [104]
File: figure/ctc_lat.png Graphic file (type bmp)
<figure/ctc_lat.png>
[105] [106]
Missing character: There is no  in font [fonts/texgyretermes-regular.otf]/OT:s
cript=latn;language=DFLT;mapping=tex-text;!

Overfull \hbox (22.75665pt too wide) in paragraph at lines 313--313
[]|[]| 
 []


Overfull \hbox (22.75665pt too wide) in paragraph at lines 313--313
[]|[]| 
 []

[107]
File: figure/speed-robust.pdf Graphic file (type pdf)
<use figure/speed-robust.pdf>
[108]
Overfull \hbox (22.75665pt too wide) in paragraph at lines 351--351
[]|[]| 
 []


Overfull \hbox (22.75665pt too wide) in paragraph at lines 351--351
[]|[]| 
 []

File: figure/prune-wer-at-dsm.pdf Graphic file (type pdf)
<use figure/prune-wer-at-dsm.pdf>
[109] [110]
Overfull \hbox (0.5702pt too wide) in paragraph at lines 407--407
[]|$\OT1/cmr/m/n/12.045 ^^A$\TU/texgyretermes(0)/m/n/12.045 (%)| 
 []


Overfull \hbox (0.5702pt too wide) in paragraph at lines 407--407
[]|$\OT1/cmr/m/n/12.045 ^^A$\TU/texgyretermes(0)/m/n/12.045 (%)| 
 []


Overfull \hbox (0.5702pt too wide) in paragraph at lines 407--407
[]|$\OT1/cmr/m/n/12.045 ^^A$\TU/texgyretermes(0)/m/n/12.045 (%)| 
 []

File: figure/prune-wer-at-gsm.pdf Graphic file (type pdf)
<use figure/prune-wer-at-gsm.pdf>

Overfull \hbox (0.5702pt too wide) in paragraph at lines 457--457
[]|$\OT1/cmr/m/n/12.045 ^^A$\TU/texgyretermes(0)/m/n/12.045 (%)| 
 []


Overfull \hbox (0.5702pt too wide) in paragraph at lines 457--457
[]|$\OT1/cmr/m/n/12.045 ^^A$\TU/texgyretermes(0)/m/n/12.045 (%)| 
 []


Overfull \hbox (0.5702pt too wide) in paragraph at lines 457--457
[]|$\OT1/cmr/m/n/12.045 ^^A$\TU/texgyretermes(0)/m/n/12.045 (%)| 
 []


Overfull \hbox (22.75665pt too wide) in paragraph at lines 457--457
[]|[]| 
 []

[111] [112]
Overfull \hbox (0.5702pt too wide) in paragraph at lines 493--493
[]|$\OT1/cmr/m/n/12.045 ^^A$\TU/texgyretermes(0)/m/n/12.045 (%)| 
 []


Overfull \hbox (0.5702pt too wide) in paragraph at lines 493--493
[]|$\OT1/cmr/m/n/12.045 ^^A$\TU/texgyretermes(0)/m/n/12.045 (%)| 
 []


Overfull \hbox (0.5702pt too wide) in paragraph at lines 493--493
[]|$\OT1/cmr/m/n/12.045 ^^A$\TU/texgyretermes(0)/m/n/12.045 (%)| 
 []


Overfull \hbox (22.75665pt too wide) in paragraph at lines 493--493
[]|[]| 
 []

File: figure/OPER-latden.png Graphic file (type bmp)
<figure/OPER-latden.png>
[113]
File: figure/OWER-latden.png Graphic file (type bmp)
<figure/OWER-latden.png>

Underfull \vbox (badness 1253) has occurred while \output is active []

[114]) [115]
\openout2 = `tex/unified.aux'.

(tex/unified.tex [116



]

[117]
File: figure/kws-framework.png Graphic file (type bmp)
<figure/kws-framework.png>
[118]

LaTeX Warning: `h' float specifier changed to `ht'.

[119]
Overfull \hbox (3.00067pt too wide) in paragraph at lines 185--185
[]|\TU/texgyretermes(0)/m/n/12.045 0.6M|  
 []


Overfull \hbox (3.00067pt too wide) in paragraph at lines 185--185
[]|\TU/texgyretermes(0)/m/n/12.045 0.5M|  
 []


Overfull \hbox (3.00067pt too wide) in paragraph at lines 185--185
[]|\TU/texgyretermes(0)/m/n/12.045 0.8M|  
 []

File: figure/roc.pdf Graphic file (type pdf)
<use figure/roc.pdf>
[120] [121] [122] [123] [124] [125]
File: figure/lat-exp.jpg Graphic file (type bmp)
<figure/lat-exp.jpg>
[126] [127]
File: figure/graph_example.png Graphic file (type bmp)
<figure/graph_example.png>
[128] [129] [130]
File: figure/bound-stable.png Graphic file (type bmp)
<figure/bound-stable.png>
File: figure/latden-cndepth.png Graphic file (type bmp)
<figure/latden-cndepth.png>
[131] [132] [133] [134]
File: figure/psd_mod_framework.pdf Graphic file (type pdf)
<use figure/psd_mod_framework.pdf>

Underfull \vbox (badness 5316) has occurred while \output is active []

[135] [136] [137]
Underfull \hbox (badness 10000) in paragraph at lines 894--894
[]|\TU/texgyretermes(0)/m/n/12.045 PER/WER
 []

[138] [139]) [140]
\openout2 = `tex/summary.aux'.

(tex/summary.tex


Underfull \vbox (badness 7558) has occurred while \output is active []

[141



] [142] [143]) [144]
Underfull \hbox (badness 1005) in paragraph at lines 118--118
[]\TU/texgyretermes(0)/m/n/12.045 Saduoki Furui. \TU/texgyretermes(0)/m/it/12.
045 Unsupervised speaker adaptation based on hierarchical spectral
 []

[145



] [146] [147] [148] [149] [150] [151] [152] [153] [154]
Overfull \hbox (42.24709pt too wide) in paragraph at lines 118--118
\TU/texgyretermes(0)/m/it/12.045 Word Models for English Conversational Speech 
Recognition\TU/texgyretermes(0)/m/n/12.045 . \TU/texgyretermes(0)/m/it/12.045 
arXiv preprint arXiv:1703.07754\TU/texgyretermes(0)/m/n/12.045 ,
 []

[155]
Overfull \hbox (1.1576pt too wide) in paragraph at lines 118--118
\TU/texgyretermes(0)/m/it/12.045 English and Mandarin Text Entry on Mobile Devi
ces\TU/texgyretermes(0)/m/n/12.045 . \TU/texgyretermes(0)/m/it/12.045 arXiv pr
eprint arXiv:1608.07323\TU/texgyretermes(0)/m/n/12.045 ,
 []

[156] [157] [158] [159] [160]
Overfull \hbox (52.74632pt too wide) in paragraph at lines 118--118
\TU/texgyretermes(0)/m/it/12.045 recognition using deep RNN models and WFST-bas
ed decoding\TU/texgyretermes(0)/m/n/12.045 . \TU/texgyretermes(0)/m/it/12.045 
arXiv preprint arXiv:1507.08240\TU/texgyretermes(0)/m/n/12.045 ,
 []

[161] [162] [163]
\openout2 = `tex/pub.aux'.

(tex/pub.tex [164


]
Underfull \hbox (badness 10000) in paragraph at lines 10--12

 []

[165]
Underfull \hbox (badness 10000) in paragraph at lines 20--22

 []


Underfull \hbox (badness 10000) in paragraph at lines 22--24

 []


Underfull \hbox (badness 1661) in paragraph at lines 24--25
\TU/texgyretermes(0)/m/n/12.045 Distillation for Sequence Model, 19th Annual Co
nference of International Speech
 []

[166]) [167]
\openout2 = `tex/patents.aux'.

(tex/patents.tex [168



]) [169]
\openout2 = `tex/ack.aux'.

(tex/ack.tex [170



]) [171] 
AED: lastpage setting LastPage
Package atveryend Info: Empty hook `BeforeClearDocument' on input line 132.
Package atveryend Info: Empty hook `AfterLastShipout' on input line 132.
(thesis.aux (tex/id.aux) (tex/abstract.aux) (tex/symbol.aux) (tex/intro0.aux) (
tex/intro.aux) (tex/intro2.aux) (tex/kws.aux) (tex/gpuwfst.aux) (tex/psd.aux) (
tex/unified.aux) (tex/summary.aux) (tex/pub.aux) (tex/patents.aux) (tex/ack.aux
))
Package atveryend Info: Empty hook `AtVeryEndDocument' on input line 132.
Package atveryend Info: Executing hook `AtEndAfterFileList' on input line 132.
Package rerunfilecheck Info: File `thesis.out' has not changed.
(rerunfilecheck)             Checksum: 93C5D2A520598181B8726BAD65379254.

LaTeX Font Warning: Size substitutions with differences
(Font)              up to 0.41063pt have occurred.

Package logreq Info: Writing requests to 'thesis.run.xml'.
\openout1 = `thesis.run.xml'.

 )
(\end occurred when \ifx on line 161 was incomplete) 
Here is how much of TeX's memory you used:
 38616 strings out of 427748
 769136 string characters out of 3150981
 1311515 words of memory out of 3000000
 42003 multiletter control sequences out of 15000+200000
 554418 words of font info for 166 fonts, out of 3000000 for 9000
 1328 hyphenation exceptions out of 8191
 58i,21n,80p,1073b,4840s stack positions out of 5000i,500n,10000p,200000b,50000s

Output written on thesis.xdv (193 pages, 2908904 bytes).
